[2026-04-08 11:44:29] рҹӨ– Auto Trader started
[2026-04-08 11:44:39] рҹ”Қ Scanning... Cash: $0.00 | Positions: 0
[2026-04-08 11:45:35] рҹӨ– Auto Trader started
[2026-04-08 11:45:35]   API OK: 1 positions, $99,928.34 cash
[2026-04-08 11:45:35] рҹ”Қ Scanning... Cash: $99,928.34 | Positions: 0
[2026-04-08 11:45:57] рҹӨ– Auto Trader started
[2026-04-08 11:46:12]   вҡ пёҸ get_positions error: HTTPSConnectionPool(host='ai4trade.ai', port=443): Read timed out. (read timeout=15)
[2026-04-08 11:46:12] рҹ”Қ Scanning... Cash: $0.00 | Positions: 1
[2026-04-08 11:46:20]   рҹ”ҙ BTC: -0.09% (entry $71,591 вҶ’ $71,525)
[2026-04-08 11:46:20]   рҹ“Ҡ Avg unrealized: -0.09%
[2026-04-08 11:46:45] рҹӨ– Auto Trader started
[2026-04-08 11:46:46] рҹ”Қ Scanning... Cash: $99,928.34 | Positions: 1
[2026-04-08 11:46:50]   рҹ”ҙ BTC: -0.05% (entry $71,591 вҶ’ $71,554)
[2026-04-08 11:46:50]   рҹ“Ҡ Avg unrealized: -0.05%
[2026-04-08 11:55:00] рҹӨ– Auto Trader started
[2026-04-08 11:55:20] рҹ”Қ Scan | Cash: $99,000.00 | Pos: 1
[2026-04-08 11:55:43]   рҹҹў BTC: +0.14% ($71,591вҶ’$71,692)
[2026-04-08 11:55:43]   рҹ“Ҡ Avg: +0.14%
[2026-04-08 11:57:37] рҹӨ– Auto Trader started
[2026-04-08 11:57:37] рҹ”Қ Scan | Cash: $99,928.34 | Pos: 1
[2026-04-08 11:58:24]   рҹҹў BTC: +0.11% ($71,591вҶ’$71,669)
[2026-04-08 11:58:24]   рҹ“Ҡ Avg: +0.11%
[2026-04-08 12:08:48] рҹӨ– Auto Trader started
[2026-04-08 12:09:08] рҹ”Қ Scan | Cash: $99,000.00 | Pos: 1
[2026-04-08 12:09:32]   рҹ”ҙ BTC: -100.00% ($71,591вҶ’$0)
[2026-04-08 12:09:32]   рҹ“Ҡ Avg: -100.00%
[2026-04-08 12:19:45] рҹӨ– Auto Trader started
[2026-04-08 12:20:05] рҹ”Қ Scan | Cash: $99,000.00 | Pos: 1
[2026-04-08 12:20:22]   рҹҹў BTC: +0.24% ($71,591вҶ’$71,765)
[2026-04-08 12:20:22]   рҹ“Ҡ Avg: +0.24%
[2026-04-08 12:27:12] рҹӨ– Auto Trader started
[2026-04-08 12:27:12] рҹ”Қ Scan | Cash: $99,928.34 | Pos: 1
[2026-04-08 12:27:12]   вң… Daily status: OK
[2026-04-08 12:28:04]   рҹҹў BTC: +0.17% ($71,591вҶ’$71,713)
[2026-04-08 12:28:04]   рҹ“Ҡ Avg: +0.17%
[2026-04-08 12:52:47] рҹӨ– Auto Trader started
[2026-04-08 12:52:48] рҹ”Қ Scan | Cash: $99,928.34 | Pos: 1
[2026-04-08 12:52:48]   вң… Daily status: OK
[2026-04-08 12:52:50]   рҹ”ҙ BTC: -100.00% ($71,591вҶ’$0)
[2026-04-08 12:52:50]   рҹ“Ҡ Avg: -100.00%
[2026-04-08 13:24:55] рҹӨ– Auto Trader started
[2026-04-08 13:25:11] рҹ”Қ Scan | Cash: $99,928.34 | Pos: 1
[2026-04-08 13:25:11]   вң… Daily status: OK
[2026-04-08 13:25:20]   рҹ”ҙ BTC: -100.00% ($71,591вҶ’$0)
[2026-04-08 13:25:20]   рҹ“Ҡ Avg: -100.00%
[2026-04-08 13:56:15] рҹӨ– Auto Trader started
[2026-04-08 13:56:19] рҹ”Қ Scan | Cash: $99,928.34 | Pos: 1
[2026-04-08 13:56:19]   вң… Daily status: OK
[2026-04-08 13:56:24]   рҹ”ҙ BTC: -100.00% ($71,591вҶ’$0)
[2026-04-08 13:56:24]   рҹ“Ҡ Avg: -100.00%
[2026-04-08 14:27:29] рҹӨ– Auto Trader started
[2026-04-08 14:27:33] рҹ”Қ Scan | Cash: $99,928.34 | Pos: 1
[2026-04-08 14:27:33]   вң… Daily status: OK
[2026-04-08 14:27:37]   рҹ”ҙ BTC: -100.00% ($71,591вҶ’$0)
[2026-04-08 14:27:37]   рҹ“Ҡ Avg: -100.00%
[2026-04-08 15:00:13] рҹӨ– Auto Trader started
[2026-04-08 15:00:15] рҹ”Қ Scan | Cash: $99,928.34 | Pos: 1
[2026-04-08 15:00:15]   вң… Daily status: OK
[2026-04-08 15:00:36]   рҹ”ҙ BTC: -100.00% ($71,591вҶ’$0)
[2026-04-08 15:00:36]   рҹ“Ҡ Avg: -100.00%
[2026-04-08 15:10:58] рҹӨ– Auto Trader started
[2026-04-08 15:11:09] рҹ”Қ Scan | Cash: $99,928.34 | Pos: 1
[2026-04-08 15:11:09]   вң… Daily status: OK
[2026-04-08 15:11:15]   рҹ“Ў BTC price from Binance: $70,927.92
[2026-04-08 15:11:22]   рҹ“Ў ETH price from Binance: $2,199.99
[2026-04-08 15:11:25]   рҹ“җ ETH volatility: HIGH (BB width: 6.6%) вҶ’ risk: 1.0%
[2026-04-08 15:11:25]   вқҢ Failed: {'detail': 'Unable to fetch historical price for ETH at 2026-04-08T15:11:25Z'}
[2026-04-08 15:11:27]   рҹ“Ў SOL price from Binance: $82.93
[2026-04-08 15:12:05] рҹӨ– Auto Trader started
[2026-04-08 15:12:25] рҹ”Қ Scan | Cash: $99,000.00 | Pos: 1
[2026-04-08 15:12:25]   вң… Daily status: OK
[2026-04-08 15:34:36] рҹӨ– Auto Trader started
[2026-04-08 15:34:37] рҹ”Қ Scan | Cash: $99,928.34 | Pos: 1
[2026-04-08 15:34:37]   вң… Daily status: OK
[2026-04-08 15:34:39]   рҹ“Ў BTC price from Binance: $71,187.63
[2026-04-08 15:34:40]   рҹ“Ў ETH price from Binance: $2,207.57
[2026-04-08 15:34:42]   рҹ“Ў SOL price from Binance: $83.12
[2026-04-08 15:35:08]   рҹҹў SUI: BUY (4 conds) вҖ” 1H BUY (61%) | 4H trend OK | Below BB middle (27%)
[2026-04-08 15:35:09]   рҹ“җ SUI volatility: HIGH (BB width: 8.0%) вҶ’ risk: 1.0%
[2026-04-08 15:35:44]   вқҢ Error: HTTPSConnectionPool(host='ai4trade.ai', port=443): Read timed out. (read timeout=30)
[2026-04-08 15:35:54]   рҹ“Ў DOGE price from Binance: $0.09
[2026-04-08 15:36:06]   рҹ“Ў XRP price from Binance: $1.35
[2026-04-08 15:36:10]   рҹ“Ў LINK price from Binance: $9.02
[2026-04-08 15:36:13]   рҹ“Ў AVAX price from Binance: $9.20
[2026-04-08 15:36:14]   рҹ”ҙ BTC: -0.56% ($71,591вҶ’$71,188)
[2026-04-08 15:36:14]   рҹ“Ҡ Avg: -0.56%
[2026-04-08 17:00:02] рҹӨ– Auto Trader started
[2026-04-08 17:00:22] рҹ”Қ Scan | Cash: $99,000.00 | Pos: 1
[2026-04-08 17:00:22]   вң… Daily status: OK
[2026-04-08 17:00:33]   рҹ“Ў BTC price from Binance: $71,628.07
[2026-04-08 17:00:44]   рҹ“Ў ETH price from Binance: $2,222.02
[2026-04-08 17:00:53]   рҹ“Ў SOL price from Binance: $83.51
[2026-04-08 17:00:55]   рҹ“Ў PAXG price from Binance: $4,742.99
[2026-04-08 17:00:58]   рҹ“Ў WLD price from Binance: $0.27
[2026-04-08 17:01:01]   рҹ“Ў SUI price from Binance: $0.93
[2026-04-08 17:01:03]   рҹҹў SUI: BUY (4 conds) вҖ” 4H trend OK | 15M up | Near BB lower (12%)
[2026-04-08 17:01:04]   рҹ“җ SUI volatility: NORMAL (BB width: 5.3%) вҶ’ risk: 2.0%
[2026-04-08 17:01:04]   вқҢ Failed: {'detail': 'Unable to fetch historical price for SUI at 2026-04-08T17:01:04Z'}
[2026-04-08 17:01:05]   рҹ“Ў DOGE price from Binance: $0.09
[2026-04-08 17:01:09]   рҹ“Ў XRP price from Binance: $1.36
[2026-04-08 17:01:12]   рҹ“Ў LINK price from Binance: $9.07
[2026-04-08 17:01:15]   рҹ“Ў AVAX price from Binance: $9.21
[2026-04-08 17:01:17]   рҹҹў BTC: +0.05% ($71,591вҶ’$71,628)
[2026-04-08 17:01:17]   рҹ“Ҡ Avg: +0.05%
[2026-04-08 18:00:02] рҹӨ– Auto Trader started
[2026-04-08 18:00:10] рҹ”Қ Scan | Cash: $98,926.56 | Pos: 1
[2026-04-08 18:00:10]   вң… Daily status: OK
[2026-04-08 18:00:13]   рҹ“Ў BTC price from Binance: $71,818.59
[2026-04-08 18:00:14]   рҹ“Ў ETH price from Binance: $2,228.65
[2026-04-08 18:00:17]   рҹ“Ў SOL price from Binance: $83.90
[2026-04-08 18:00:20]   рҹ“Ў PAXG price from Binance: $4,717.65
[2026-04-08 18:00:27]   рҹҹў PAXG: BUY (5 conds) вҖ” 1H BUY (61%) | 4H trend OK | Near BB lower (4%)
[2026-04-08 18:00:27]   рҹ“җ PAXG volatility: NORMAL (BB width: 2.3%) вҶ’ risk: 2.0%
[2026-04-08 18:00:28]   вң… BUY PAXG вҖ” Signal #211665 (+10 pts)
[2026-04-08 18:00:28]   рҹ““ Journal: OPEN PAXG @ $4,717.65 (auto_004)
[2026-04-08 18:00:28] рҹ“Ҳ NEW: LONG PAXG 0.419389 @ $4,717.65
[2026-04-08 18:00:28]   рҹҹў BTC: +0.32% ($71,591вҶ’$71,819)
[2026-04-08 18:00:28]   рҹ”ҙ PAXG: +0.00% ($4,718вҶ’$4,718)
[2026-04-08 18:00:28]   рҹ“Ҡ Avg: +0.16%
[2026-04-08 19:00:01] рҹӨ– Auto Trader started
[2026-04-08 19:00:22] рҹ”Қ Scan | Cash: $99,000.00 | Pos: 2
[2026-04-08 19:00:22]   вң… Daily status: OK
[2026-04-08 19:00:32]   рҹ“Ў BTC price from Binance: $71,069.54
[2026-04-08 19:00:43]   рҹ“Ў PAXG price from Binance: $4,688.46
[2026-04-08 19:00:53]   рҹ“Ў ETH price from Binance: $2,199.77
[2026-04-08 19:00:56]   рҹ“җ ETH volatility: NORMAL (BB width: 3.2%) вҶ’ risk: 2.0%
[2026-04-08 19:00:56]   вқҢ Failed: {'detail': 'Unable to fetch historical price for ETH at 2026-04-08T19:00:56Z'}
[2026-04-08 19:00:56]   рҹ“Ў SOL price from Binance: $82.83
[2026-04-08 19:01:00]   рҹ“Ў WLD price from Binance: $0.26
[2026-04-08 19:01:03]   рҹ“Ў SUI price from Binance: $0.92
[2026-04-08 19:01:06]   рҹ“Ў DOGE price from Binance: $0.09
[2026-04-08 19:01:16]   рҹ”ҙ BTC: -0.73% ($71,591вҶ’$71,070)
[2026-04-08 19:01:16]   рҹ”ҙ PAXG: -0.62% ($4,718вҶ’$4,688)
[2026-04-08 19:01:16]   рҹ“Ҡ Avg: -0.67%
[2026-04-08 20:00:02] рҹӨ– Auto Trader started
[2026-04-08 20:00:22] рҹ”Қ Scan | Cash: $99,000.00 | Pos: 2
[2026-04-08 20:00:22]   вң… Daily status: OK
[2026-04-08 20:00:33]   рҹ“Ў BTC price from Binance: $71,417.41
[2026-04-08 20:00:44]   рҹ“Ў PAXG price from Binance: $4,715.28
[2026-04-08 20:00:52]   рҹ“Ў ETH price from Binance: $2,214.11
[2026-04-08 20:00:56]   рҹ“Ў SOL price from Binance: $83.27
[2026-04-08 20:00:59]   рҹ“Ў WLD price from Binance: $0.26
[2026-04-08 20:01:01]   рҹ“Ў SUI price from Binance: $0.92
[2026-04-08 20:01:03]   рҹҹў SUI: BUY (5 conds) вҖ” 1H BUY (61%) | 4H trend OK | Near BB lower (15%)
[2026-04-08 20:01:04]   рҹ“җ SUI volatility: HIGH (BB width: 6.5%) вҶ’ risk: 1.0%
[2026-04-08 20:01:04]   вқҢ Failed: {'detail': 'Unable to fetch historical price for SUI at 2026-04-08T20:01:04Z'}
[2026-04-08 20:01:05]   рҹ“Ў DOGE price from Binance: $0.09
[2026-04-08 20:01:15]   рҹ”ҙ BTC: -0.24% ($71,591вҶ’$71,417)
[2026-04-08 20:01:15]   рҹ”ҙ PAXG: -0.05% ($4,718вҶ’$4,715)
[2026-04-08 20:01:15]   рҹ“Ҡ Avg: -0.15%
[2026-04-08 21:00:01] рҹӨ– Auto Trader started
[2026-04-08 21:00:11] рҹ”Қ Scan | Cash: $96,946.87 | Pos: 2
[2026-04-08 21:00:11]   вң… Daily status: OK
[2026-04-08 21:00:15]   рҹ“Ў BTC price from Binance: $71,363.62
[2026-04-08 21:00:17]   рҹ“Ў PAXG price from Binance: $4,708.24
[2026-04-08 21:00:18]   рҹ“Ў ETH price from Binance: $2,209.33
[2026-04-08 21:00:21]   рҹ“Ў SOL price from Binance: $83.24
[2026-04-08 21:00:24]   рҹ“Ў WLD price from Binance: $0.26
[2026-04-08 21:00:28]   рҹ“Ў SUI price from Binance: $0.92
[2026-04-08 21:00:30]   рҹҹў SUI: BUY (4 conds) вҖ” 4H trend OK | 15M up | Near BB lower (14%)
[2026-04-08 21:00:30]   рҹ“җ SUI volatility: HIGH (BB width: 6.4%) вҶ’ risk: 1.0%
[2026-04-08 21:00:31]   вқҢ Failed: {'detail': 'Unable to fetch historical price for SUI at 2026-04-08T21:00:30Z'}
[2026-04-08 21:00:31]   рҹ“Ў DOGE price from Binance: $0.09
[2026-04-08 21:00:36]   рҹҹў XRP: BUY (4 conds) вҖ” 4H trend OK | 15M up | Near BB lower (13%)
[2026-04-08 21:00:36]   рҹ“җ XRP volatility: NORMAL (BB width: 4.0%) вҶ’ risk: 2.0%
[2026-04-08 21:00:37]   вң… BUY XRP вҖ” Signal #211841 (+10 pts)
[2026-04-08 21:00:37]   рҹ““ Journal: OPEN XRP @ $1.35 (auto_005)
[2026-04-08 21:00:37] рҹ“Ҳ NEW: LONG XRP 1438.487567 @ $1.35
[2026-04-08 21:00:37]   рҹ”ҙ BTC: -0.32% ($71,591вҶ’$71,364)
[2026-04-08 21:00:37]   рҹ”ҙ PAXG: -0.20% ($4,718вҶ’$4,708)
[2026-04-08 21:00:37]   рҹ”ҙ XRP: +0.00% ($1вҶ’$1)
[2026-04-08 21:00:37]   рҹ“Ҡ Avg: -0.17%
[2026-04-08 22:00:01] рҹӨ– Auto Trader started
[2026-04-08 22:00:06] рҹ”Қ Scan | Cash: $95,006.14 | Pos: 3
[2026-04-08 22:00:06]   вң… Daily status: OK
[2026-04-08 22:00:08]   рҹ“Ў BTC price from Binance: $71,516.01
[2026-04-08 22:00:10]   рҹ“Ў PAXG price from Binance: $4,713.25
[2026-04-08 22:00:11]   рҹ“Ў XRP price from Binance: $1.35
[2026-04-08 22:00:12]   рҹ“Ў ETH price from Binance: $2,213.39
[2026-04-08 22:00:14]   рҹ“Ў SOL price from Binance: $83.35
[2026-04-08 22:00:17]   рҹ“Ў WLD price from Binance: $0.26
[2026-04-08 22:00:20]   рҹ“Ў SUI price from Binance: $0.93
[2026-04-08 22:00:23]   рҹ“Ў DOGE price from Binance: $0.09
[2026-04-08 22:00:30]   рҹ”ҙ BTC: -0.10% ($71,591вҶ’$71,516)
[2026-04-08 22:00:30]   рҹ”ҙ PAXG: -0.09% ($4,718вҶ’$4,713)
[2026-04-08 22:00:30]   рҹҹў XRP: +0.35% ($1вҶ’$1)
[2026-04-08 22:00:30]   рҹ“Ҡ Avg: +0.05%
[2026-04-08 23:00:02] рҹӨ– Auto Trader started
[2026-04-08 23:00:09] рҹ”Қ Scan | Cash: $95,006.14 | Pos: 3
[2026-04-08 23:00:09]   вң… Daily status: OK
[2026-04-08 23:00:12]   рҹ“Ў BTC price from Binance: $71,050.01
[2026-04-08 23:00:13]   рҹ“Ў PAXG price from Binance: $4,703.83
[2026-04-08 23:00:14]   рҹ“Ў XRP price from Binance: $1.34
[2026-04-08 23:00:15]   рҹ“Ў ETH price from Binance: $2,188.62
[2026-04-08 23:00:18]   рҹ“Ў SOL price from Binance: $82.52
[2026-04-08 23:00:21]   рҹ“Ў WLD price from Binance: $0.26
[2026-04-08 23:00:24]   рҹ“Ў SUI price from Binance: $0.92
[2026-04-08 23:00:26]   рҹҹў SUI: BUY (4 conds) вҖ” 4H trend OK | 15M up | Near BB lower (10%)
[2026-04-08 23:00:26]   рҹ“җ SUI volatility: HIGH (BB width: 6.2%) вҶ’ risk: 1.0%
[2026-04-08 23:00:27]   вң… BUY SUI вҖ” Signal #211898 (+10 pts)
[2026-04-08 23:00:27]   рҹ““ Journal: OPEN SUI @ $0.92 (auto_006)
[2026-04-08 23:00:27] рҹ“Ҳ NEW: LONG SUI 1037.298146 @ $0.92
[2026-04-08 23:00:27]   рҹ”ҙ BTC: -0.76% ($71,591вҶ’$71,050)
[2026-04-08 23:00:27]   рҹ”ҙ PAXG: -0.29% ($4,718вҶ’$4,704)
[2026-04-08 23:00:27]   рҹ”ҙ XRP: -0.36% ($1вҶ’$1)
[2026-04-08 23:00:27]   рҹ”ҙ SUI: +0.00% ($1вҶ’$1)
[2026-04-08 23:00:27]   рҹ“Ҡ Avg: -0.35%
[2026-04-09 00:00:02] рҹӨ– Auto Trader started
[2026-04-09 00:00:19] рҹ”Қ Scan | Cash: $94,055.85 | Pos: 4
[2026-04-09 00:00:19]   вң… Daily status: New day, fresh start
[2026-04-09 00:00:27]   рҹ“Ў BTC price from Binance: $71,050.01
[2026-04-09 00:00:30]   рҹ“Ў PAXG price from Binance: $4,696.86
[2026-04-09 00:00:31]   рҹ“Ў XRP price from Binance: $1.34
[2026-04-09 00:00:32]   рҹ“Ў SUI price from Binance: $0.91
[2026-04-09 00:00:33]   рҹ“Ў ETH price from Binance: $2,189.80
[2026-04-09 00:00:36]   рҹ“җ ETH volatility: NORMAL (BB width: 4.2%) вҶ’ risk: 2.0%
[2026-04-09 00:00:36]   вқҢ Failed: {'detail': 'Unable to fetch historical price for ETH at 2026-04-09T00:00:36Z'}
[2026-04-09 00:00:37]   рҹ“Ў SOL price from Binance: $82.52
[2026-04-09 00:00:40]   рҹ“Ў WLD price from Binance: $0.26
[2026-04-09 00:00:43]   рҹ“Ў DOGE price from Binance: $0.09
[2026-04-09 00:00:51]   рҹ”ҙ BTC: -0.76% ($71,591вҶ’$71,050)
[2026-04-09 00:00:51]   рҹ”ҙ PAXG: -0.44% ($4,718вҶ’$4,697)
[2026-04-09 00:00:51]   рҹ”ҙ XRP: -0.43% ($1вҶ’$1)
[2026-04-09 00:00:51]   рҹ”ҙ SUI: -0.26% ($1вҶ’$1)
[2026-04-09 00:00:51]   рҹ“Ҡ Avg: -0.47%
[2026-04-09 01:00:02] рҹӨ– Auto Trader started
[2026-04-09 01:00:22] рҹ”Қ Scan | Cash: $99,000.00 | Pos: 4
[2026-04-09 01:00:22]   вң… Daily status: OK
[2026-04-09 01:00:33]   рҹ“Ў BTC price from Binance: $70,841.68
[2026-04-09 01:00:41]   рҹ“Ў PAXG price from Binance: $4,699.62
[2026-04-09 01:00:43]   рҹ“Ў XRP price from Binance: $1.34
[2026-04-09 01:00:44]   рҹ“Ў SUI price from Binance: $0.91
[2026-04-09 01:00:46]   рҹ“Ў ETH price from Binance: $2,184.45
[2026-04-09 01:00:49]   рҹ“Ў SOL price from Binance: $82.22
[2026-04-09 01:00:53]   рҹ“Ў WLD price from Binance: $0.26
[2026-04-09 01:01:04]   рҹ”ҙ BTC: -1.05% ($71,591вҶ’$70,842)
[2026-04-09 01:01:04]   рҹ”ҙ PAXG: -0.38% ($4,718вҶ’$4,700)
[2026-04-09 01:01:04]   рҹ”ҙ XRP: -0.58% ($1вҶ’$1)
[2026-04-09 01:01:04]   рҹ”ҙ SUI: -0.81% ($1вҶ’$1)
[2026-04-09 01:01:04]   рҹ“Ҡ Avg: -0.70%
[2026-04-09 02:00:03] рҹӨ– Auto Trader started
[2026-04-09 02:00:03] рҹ”Қ Scan | Cash: $94,055.85 | Pos: 4
[2026-04-09 02:00:03]   вң… Daily status: OK
[2026-04-09 02:00:18]   рҹ“Ў SUI price from Binance: $0.91
[2026-04-09 02:00:29]   рҹ“Ў ETH price from Binance: $2,179.23
[2026-04-09 02:00:42]   рҹ“Ў SOL price from Binance: $82.23
[2026-04-09 02:00:55]   рҹ“Ў WLD price from Binance: $0.25
[2026-04-09 02:01:09]   рҹ“Ў DOGE price from Binance: $0.09
[2026-04-09 02:01:18]   рҹ“Ў LINK price from Binance: $8.76
[2026-04-09 02:01:21]   рҹ“Ў AVAX price from Binance: $9.00
[2026-04-09 02:01:23]   рҹ”ҙ BTC: -0.95% ($71,591вҶ’$70,914)
[2026-04-09 02:01:23]   рҹ”ҙ PAXG: -0.06% ($4,718вҶ’$4,715)
[2026-04-09 02:01:23]   рҹ”ҙ XRP: -1.01% ($1вҶ’$1)
[2026-04-09 02:01:23]   рҹ”ҙ SUI: -1.10% ($1вҶ’$1)
[2026-04-09 02:01:23]   рҹ“Ҡ Avg: -0.78%
[2026-04-09 03:00:02] рҹӨ– Auto Trader started
[2026-04-09 03:00:22] рҹ”Қ Scan | Cash: $99,000.00 | Pos: 4
[2026-04-09 03:00:22]   вң… Daily status: OK
[2026-04-09 03:00:32]   рҹ“Ў BTC price from Binance: $71,046.01
[2026-04-09 03:00:41]   рҹ“Ў PAXG price from Binance: $4,706.94
[2026-04-09 03:00:43]   рҹ“Ў XRP price from Binance: $1.33
[2026-04-09 03:00:43]   рҹ“Ў SUI price from Binance: $0.91
[2026-04-09 03:00:44]   рҹ“Ў ETH price from Binance: $2,181.15
[2026-04-09 03:00:47]   рҹ“Ў SOL price from Binance: $82.15
[2026-04-09 03:00:49]   рҹҹў SOL: BUY (4 conds) вҖ” 4H trend OK | 15M up | RSI low (40)
[2026-04-09 03:00:50]   рҹ“җ SOL volatility: NORMAL (BB width: 4.4%) вҶ’ risk: 2.0%
[2026-04-09 03:00:50]   вқҢ Failed: {'detail': 'Unable to fetch historical price for SOL at 2026-04-09T03:00:50Z'}
[2026-04-09 03:00:50]   рҹ“Ў WLD price from Binance: $0.26
[2026-04-09 03:01:00]   рҹ”ҙ BTC: -0.76% ($71,591вҶ’$71,046)
[2026-04-09 03:01:00]   рҹ”ҙ PAXG: -0.23% ($4,718вҶ’$4,707)
[2026-04-09 03:01:00]   рҹ”ҙ XRP: -1.02% ($1вҶ’$1)
[2026-04-09 03:01:00]   рҹ”ҙ SUI: -0.76% ($1вҶ’$1)
[2026-04-09 03:01:00]   рҹ“Ҡ Avg: -0.69%
[2026-04-09 04:00:02] рҹӨ– Auto Trader started
[2026-04-09 04:00:22] рҹ”Қ Scan | Cash: $99,000.00 | Pos: 4
[2026-04-09 04:00:22]   вң… Daily status: OK
[2026-04-09 04:00:33]   рҹ“Ў BTC price from Binance: $70,999.99
[2026-04-09 04:00:40]   рҹ“Ў PAXG price from Binance: $4,699.40
[2026-04-09 04:00:41]   рҹ“Ў XRP price from Binance: $1.33
[2026-04-09 04:00:42]   рҹ“Ў SUI price from Binance: $0.91
[2026-04-09 04:00:43]   рҹ“Ў ETH price from Binance: $2,181.69
[2026-04-09 04:00:46]   рҹ“Ў SOL price from Binance: $81.99
[2026-04-09 04:00:48]   рҹҹў SOL: BUY (5 conds) вҖ” 1H BUY (64%) | 15M up | RSI low (39)
[2026-04-09 04:00:49]   рҹ“җ SOL volatility: NORMAL (BB width: 4.3%) вҶ’ risk: 2.0%
[2026-04-09 04:00:49]   вқҢ Failed: {'detail': 'Unable to fetch historical price for SOL at 2026-04-09T04:00:49Z'}
[2026-04-09 04:00:50]   рҹ“Ў WLD price from Binance: $0.25
[2026-04-09 04:00:52]   рҹҹў WLD: BUY (4 conds) вҖ” 4H trend OK | 15M up | Near BB lower (11%)
[2026-04-09 04:00:52]   рҹ“җ WLD volatility: NORMAL (BB width: 5.7%) вҶ’ risk: 2.0%
[2026-04-09 04:00:53]   вң… BUY WLD вҖ” Signal #212011 (+10 pts)
[2026-04-09 04:00:53]   рҹ““ Journal: OPEN WLD @ $0.25 (auto_007)
[2026-04-09 04:00:53] рҹ“Ҳ NEW: LONG WLD 7801.41844 @ $0.25
[2026-04-09 04:00:53]   рҹ”ҙ BTC: -0.83% ($71,591вҶ’$71,000)
[2026-04-09 04:00:53]   рҹ”ҙ PAXG: -0.39% ($4,718вҶ’$4,699)
[2026-04-09 04:00:53]   рҹ”ҙ XRP: -1.30% ($1вҶ’$1)
[2026-04-09 04:00:53]   рҹ”ҙ SUI: -0.84% ($1вҶ’$1)
[2026-04-09 04:00:53]   рҹ”ҙ WLD: +0.00% ($0вҶ’$0)
[2026-04-09 04:00:53]   рҹ“Ҡ Avg: -0.67%
[2026-04-09 05:00:02] рҹӨ– Auto Trader started
[2026-04-09 05:00:22] рҹ”Қ Scan | Cash: $99,000.00 | Pos: 5
[2026-04-09 05:00:22]   вң… Daily status: OK
[2026-04-09 05:00:33]   рҹ“Ў BTC price from Binance: $70,757.92
[2026-04-09 05:00:44]   рҹ“Ў PAXG price from Binance: $4,707.28
[2026-04-09 05:00:55]   рҹ“Ў XRP price from Binance: $1.33
[2026-04-09 05:01:06]   рҹ“Ў SUI price from Binance: $0.91
[2026-04-09 05:01:17]   рҹ“Ў WLD price from Binance: $0.26
[2026-04-09 05:01:17]   рҹ”ҙ BTC: -1.16% ($71,591вҶ’$70,758)
[2026-04-09 05:01:17]   рҹ”ҙ PAXG: -0.22% ($4,718вҶ’$4,707)
[2026-04-09 05:01:17]   рҹ”ҙ XRP: -1.23% ($1вҶ’$1)
[2026-04-09 05:01:17]   рҹ”ҙ SUI: -0.78% ($1вҶ’$1)
[2026-04-09 05:01:17]   рҹҹў WLD: +0.63% ($0вҶ’$0)
[2026-04-09 05:01:17]   рҹ“Ҡ Avg: -0.55%
[2026-04-09 06:00:02] рҹӨ– Auto Trader started
[2026-04-09 06:00:22] рҹ”Қ Scan | Cash: $99,000.00 | Pos: 5
[2026-04-09 06:00:22]   вң… Daily status: OK
[2026-04-09 06:00:29]   рҹ“Ў BTC price from Binance: $71,016.10
[2026-04-09 06:00:32]   рҹ“Ў PAXG price from Binance: $4,702.77
[2026-04-09 06:00:33]   рҹ“Ў XRP price from Binance: $1.33
[2026-04-09 06:00:33]   рҹ“Ў SUI price from Binance: $0.91
[2026-04-09 06:00:35]   рҹ“Ў WLD price from Binance: $0.26
[2026-04-09 06:00:35]   рҹ”ҙ BTC: -0.80% ($71,591вҶ’$71,016)
[2026-04-09 06:00:35]   рҹ”ҙ PAXG: -0.32% ($4,718вҶ’$4,703)
[2026-04-09 06:00:35]   рҹ”ҙ XRP: -1.02% ($1вҶ’$1)
[2026-04-09 06:00:35]   рҹ”ҙ SUI: -0.62% ($1вҶ’$1)
[2026-04-09 06:00:35]   рҹҹў WLD: +0.79% ($0вҶ’$0)
[2026-04-09 06:00:35]   рҹ“Ҡ Avg: -0.40%
[2026-04-09 07:00:03] рҹӨ– Auto Trader started
[2026-04-09 07:00:04]   рҹ“Ў Async batch price prefetch: 10/10 symbols cached
[2026-04-09 07:00:04] рҹ”Қ Scan | Cash: $92,074.58 | Pos: 5
[2026-04-09 07:00:04]   вң… Daily status: OK
[2026-04-09 07:00:07]   рҹ”ҙ BTC: -0.76% ($71,591вҶ’$71,050)
[2026-04-09 07:00:07]   рҹ”ҙ PAXG: -0.33% ($4,718вҶ’$4,702)
[2026-04-09 07:00:07]   рҹ”ҙ XRP: -1.07% ($1вҶ’$1)
[2026-04-09 07:00:07]   рҹ”ҙ SUI: -0.60% ($1вҶ’$1)
[2026-04-09 07:00:07]   рҹҹў WLD: +1.26% ($0вҶ’$0)
[2026-04-09 07:00:07]   рҹ“Ҡ Avg: -0.30%
[2026-04-09 08:00:03] рҹӨ– Auto Trader started
[2026-04-09 08:00:11]   рҹ“Ў Async batch price prefetch: 10/10 symbols cached
[2026-04-09 08:00:31] рҹ”Қ Scan | Cash: $99,000.00 | Pos: 5
[2026-04-09 08:00:31]   вң… Daily status: OK
[2026-04-09 08:00:34]   рҹ”ҙ BTC: -0.85% ($71,591вҶ’$70,982)
[2026-04-09 08:00:34]   рҹ”ҙ PAXG: -0.11% ($4,718вҶ’$4,712)
[2026-04-09 08:00:34]   рҹ”ҙ XRP: -1.18% ($1вҶ’$1)
[2026-04-09 08:00:34]   рҹ”ҙ SUI: -0.80% ($1вҶ’$1)
[2026-04-09 08:00:34]   рҹҹў WLD: +0.79% ($0вҶ’$0)
[2026-04-09 08:00:34]   рҹ“Ҡ Avg: -0.43%
[2026-04-09 09:00:02] рҹӨ– Auto Trader started
[2026-04-09 09:00:08]   рҹ“Ў Async batch price prefetch: 10/10 symbols cached
[2026-04-09 09:00:09] рҹ”Қ Scan | Cash: $92,074.58 | Pos: 5
[2026-04-09 09:00:09]   вң… Daily status: OK
[2026-04-09 09:00:11]   рҹ”ҙ BTC: -0.49% ($71,591вҶ’$71,241)
[2026-04-09 09:00:11]   рҹ”ҙ PAXG: -0.05% ($4,718вҶ’$4,715)
[2026-04-09 09:00:11]   рҹ”ҙ XRP: -0.96% ($1вҶ’$1)
[2026-04-09 09:00:11]   рҹ”ҙ SUI: -0.67% ($1вҶ’$1)
[2026-04-09 09:00:11]   рҹҹў WLD: +0.79% ($0вҶ’$0)
[2026-04-09 09:00:11]   рҹ“Ҡ Avg: -0.28%
[2026-04-09 10:00:03] рҹӨ– Auto Trader started
[2026-04-09 10:00:12]   рҹ“Ў Async batch price prefetch: 10/10 symbols cached
[2026-04-09 10:00:32] рҹ”Қ Scan | Cash: $92,074.58 | Pos: 5
[2026-04-09 10:00:32]   вң… Daily status: OK
[2026-04-09 10:00:35]   вқҢ Failed: {'detail': 'Unable to fetch historical price for WLD at 2026-04-09T10:00:34Z'}
[2026-04-09 10:00:35]   рҹ”ҙ BTC: -0.08% ($71,591вҶ’$71,535)
[2026-04-09 10:00:35]   рҹҹў PAXG: +0.02% ($4,718вҶ’$4,719)
[2026-04-09 10:00:35]   рҹ”ҙ XRP: -0.73% ($1вҶ’$1)
[2026-04-09 10:00:35]   рҹ”ҙ SUI: -0.20% ($1вҶ’$1)
[2026-04-09 10:00:35]   рҹҹў WLD: +0.79% ($0вҶ’$0)
[2026-04-09 10:00:35]   рҹ“Ҡ Avg: -0.04%
[2026-04-09 10:43:39] рҹӨ– Auto Trader started
[2026-04-09 10:43:39]   рҹ“Ў Async batch price prefetch: 10/10 symbols cached
[2026-04-09 10:43:40] рҹ”Қ Scan | Cash: $92,074.58 | Pos: 5
[2026-04-09 10:43:40]   вң… Daily status: OK
[2026-04-09 10:43:42]   вң… SELL WLD вҖ” Signal #212483 (+10 pts)
[2026-04-09 10:43:42]   рҹ“Ӣ Daily: 1 trades, P&L: +3.11%
[2026-04-09 10:43:42]   рҹ““ Journal: CLOSE WLD @ $0.26 (auto_007) +3.1%
[2026-04-09 10:43:42] рҹҺҜ TP: WLD +3.1%
[2026-04-09 10:43:43]   рҹ“җ ETH volatility: NORMAL (BB width: 2.9%) вҶ’ risk: 2.0%
[2026-04-09 10:43:44]   вң… BUY ETH вҖ” Signal #212486 (+10 pts)
[2026-04-09 10:43:44]   рҹ““ Journal: OPEN ETH @ $2,191.40 (auto_008)
[2026-04-09 10:43:44] рҹ“Ҳ NEW: LONG ETH 0.840327 @ $2,191.40
[2026-04-09 10:43:44]   рҹ”ҙ BTC: -0.29% ($71,591вҶ’$71,383)
[2026-04-09 10:43:44]   рҹҹў PAXG: +0.22% ($4,718вҶ’$4,728)
[2026-04-09 10:43:44]   рҹ”ҙ XRP: -0.93% ($1вҶ’$1)
[2026-04-09 10:43:44]   рҹ”ҙ SUI: -0.39% ($1вҶ’$1)
[2026-04-09 10:43:44]   рҹ”ҙ ETH: +0.00% ($2,191вҶ’$2,191)
[2026-04-09 10:43:44]   рҹ“Ҡ Avg: -0.28%
[2026-04-09 10:48:46] рҹӨ– Auto Trader started
[2026-04-09 10:49:03]   рҹ“Ў Async batch price prefetch: 10/10 symbols cached
[2026-04-09 10:49:03] рҹ”Қ Scan | Cash: $92,268.10 | Pos: 5
[2026-04-09 10:49:03]   вң… Daily status: OK
[2026-04-09 10:49:05]   вҸі ETH: Hold period (5/15 min) вҖ” skipping TP/SL
[2026-04-09 10:49:05]   рҹ”ҙ BTC: -0.23% ($71,591вҶ’$71,429)
[2026-04-09 10:49:05]   рҹҹў PAXG: +0.29% ($4,718вҶ’$4,731)
[2026-04-09 10:49:05]   рҹ”ҙ XRP: -0.90% ($1вҶ’$1)
[2026-04-09 10:49:05]   рҹ”ҙ SUI: -0.39% ($1вҶ’$1)
[2026-04-09 10:49:05]   рҹҹў ETH: +0.13% ($2,191вҶ’$2,194)
[2026-04-09 10:49:05]   рҹ“Ҡ Avg: -0.22%
[2026-04-09 10:54:07] рҹӨ– Auto Trader started
[2026-04-09 10:54:16]   рҹ“Ў Async batch price prefetch: 10/10 symbols cached
[2026-04-09 10:54:36] рҹ”Қ Scan | Cash: $99,000.00 | Pos: 5
[2026-04-09 10:54:36]   вң… Daily status: OK
[2026-04-09 10:54:38]   вҸі ETH: Hold period (11/15 min) вҖ” skipping TP/SL
[2026-04-09 10:54:38]   рҹ”ҙ BTC: -0.35% ($71,591вҶ’$71,342)
[2026-04-09 10:54:38]   рҹҹў PAXG: +0.30% ($4,718вҶ’$4,732)
[2026-04-09 10:54:38]   рҹ”ҙ XRP: -0.97% ($1вҶ’$1)
[2026-04-09 10:54:38]   рҹ”ҙ SUI: -0.44% ($1вҶ’$1)
[2026-04-09 10:54:38]   рҹҹў ETH: +0.09% ($2,191вҶ’$2,193)
[2026-04-09 10:54:38]   рҹ“Ҡ Avg: -0.27%
[2026-04-09 10:59:41] рҹӨ– Auto Trader started
[2026-04-09 10:59:50]   рҹ“Ў Async batch price prefetch: 10/10 symbols cached
[2026-04-09 11:00:03] рҹӨ– Auto Trader started
[2026-04-09 11:00:05] рҹ”Қ Scan | Cash: $92,268.10 | Pos: 5
[2026-04-09 11:00:05]   вң… Daily status: OK
[2026-04-09 11:00:08]   рҹ”ҙ BTC: -0.44% ($71,591вҶ’$71,276)
[2026-04-09 11:00:08]   рҹҹў PAXG: +0.26% ($4,718вҶ’$4,730)
[2026-04-09 11:00:08]   рҹ”ҙ XRP: -1.09% ($1вҶ’$1)
[2026-04-09 11:00:08]   рҹ”ҙ SUI: -0.44% ($1вҶ’$1)
[2026-04-09 11:00:08]   рҹ”ҙ ETH: -0.02% ($2,191вҶ’$2,191)
[2026-04-09 11:00:08]   рҹ“Ҡ Avg: -0.34%
[2026-04-09 11:00:09]   рҹ“Ў Async batch price prefetch: 10/10 symbols cached
[2026-04-09 11:00:09] рҹ”Қ Scan | Cash: $92,268.10 | Pos: 5
[2026-04-09 11:00:09]   вң… Daily status: OK
[2026-04-09 11:00:12]   рҹ”ҙ BTC: -0.45% ($71,591вҶ’$71,266)
[2026-04-09 11:00:12]   рҹҹў PAXG: +0.26% ($4,718вҶ’$4,730)
[2026-04-09 11:00:12]   рҹ”ҙ XRP: -1.14% ($1вҶ’$1)
[2026-04-09 11:00:12]   рҹ”ҙ SUI: -0.47% ($1вҶ’$1)
[2026-04-09 11:00:12]   рҹ”ҙ ETH: -0.05% ($2,191вҶ’$2,190)
[2026-04-09 11:00:12]   рҹ“Ҡ Avg: -0.37%
[2026-04-09 11:05:10] рҹӨ– Auto Trader started
[2026-04-09 11:05:18]   рҹ“Ў Async batch price prefetch: 10/10 symbols cached
[2026-04-09 11:05:38] рҹ”Қ Scan | Cash: $99,000.00 | Pos: 5
[2026-04-09 11:05:38]   вң… Daily status: OK
[2026-04-09 11:05:41]   рҹ”ҙ BTC: -0.40% ($71,591вҶ’$71,304)
[2026-04-09 11:05:41]   рҹҹў PAXG: +0.25% ($4,718вҶ’$4,729)
[2026-04-09 11:05:41]   рҹ”ҙ XRP: -1.03% ($1вҶ’$1)
[2026-04-09 11:05:41]   рҹ”ҙ SUI: -0.57% ($1вҶ’$1)
[2026-04-09 11:05:41]   рҹ”ҙ ETH: -0.01% ($2,191вҶ’$2,191)
[2026-04-09 11:05:41]   рҹ“Ҡ Avg: -0.35%
[2026-04-09 11:10:43] рҹӨ– Auto Trader started
[2026-04-09 11:10:52]   рҹ“Ў Async batch price prefetch: 10/10 symbols cached
[2026-04-09 11:11:12] рҹ”Қ Scan | Cash: $99,000.00 | Pos: 5
[2026-04-09 11:11:12]   вң… Daily status: OK
[2026-04-09 11:11:15]   рҹ”ҙ BTC: -0.52% ($71,591вҶ’$71,221)
[2026-04-09 11:11:15]   рҹҹў PAXG: +0.21% ($4,718вҶ’$4,728)
[2026-04-09 11:11:15]   рҹ”ҙ XRP: -1.17% ($1вҶ’$1)
[2026-04-09 11:11:15]   рҹ”ҙ SUI: -0.75% ($1вҶ’$1)
[2026-04-09 11:11:15]   рҹ”ҙ ETH: -0.17% ($2,191вҶ’$2,188)
[2026-04-09 11:11:15]   рҹ“Ҡ Avg: -0.48%
[2026-04-09 11:16:17] рҹӨ– Auto Trader started
[2026-04-09 11:16:26]   рҹ“Ў Async batch price prefetch: 10/10 symbols cached
[2026-04-09 11:16:43] рҹ”Қ Scan | Cash: $92,268.10 | Pos: 5
[2026-04-09 11:16:43]   вң… Daily status: OK
[2026-04-09 11:16:45]   рҹ”ҙ BTC: -0.56% ($71,591вҶ’$71,187)
[2026-04-09 11:16:45]   рҹҹў PAXG: +0.23% ($4,718вҶ’$4,728)
[2026-04-09 11:16:45]   рҹ”ҙ XRP: -1.14% ($1вҶ’$1)
[2026-04-09 11:16:45]   рҹ”ҙ SUI: -0.86% ($1вҶ’$1)
[2026-04-09 11:16:45]   рҹ”ҙ ETH: -0.31% ($2,191вҶ’$2,185)
[2026-04-09 11:16:45]   рҹ“Ҡ Avg: -0.53%
[2026-04-09 11:21:47] рҹӨ– Auto Trader started
[2026-04-09 11:21:56]   рҹ“Ў Async batch price prefetch: 10/10 symbols cached
[2026-04-09 11:22:09] рҹ”Қ Scan | Cash: $92,268.10 | Pos: 5
[2026-04-09 11:22:09]   вң… Daily status: OK
[2026-04-09 11:22:11]   рҹ”ҙ BTC: -0.53% ($71,591вҶ’$71,210)
[2026-04-09 11:22:11]   рҹҹў PAXG: +0.30% ($4,718вҶ’$4,732)
[2026-04-09 11:22:11]   рҹ”ҙ XRP: -1.14% ($1вҶ’$1)
[2026-04-09 11:22:11]   рҹ”ҙ SUI: -0.88% ($1вҶ’$1)
[2026-04-09 11:22:11]   рҹ”ҙ ETH: -0.38% ($2,191вҶ’$2,183)
[2026-04-09 11:22:11]   рҹ“Ҡ Avg: -0.53%
[2026-04-09 11:27:13] рҹӨ– Auto Trader started
[2026-04-09 11:27:22]   рҹ“Ў Async batch price prefetch: 10/10 symbols cached
[2026-04-09 11:27:40] рҹ”Қ Scan | Cash: $92,268.10 | Pos: 5
[2026-04-09 11:27:40]   вң… Daily status: OK
[2026-04-09 11:27:42]   рҹ”ҙ BTC: -0.73% ($71,591вҶ’$71,071)
[2026-04-09 11:27:42]   рҹҹў PAXG: +0.29% ($4,718вҶ’$4,731)
[2026-04-09 11:27:42]   рҹ”ҙ XRP: -1.14% ($1вҶ’$1)
[2026-04-09 11:27:42]   рҹ”ҙ SUI: -1.10% ($1вҶ’$1)
[2026-04-09 11:27:42]   рҹ”ҙ ETH: -0.52% ($2,191вҶ’$2,180)
[2026-04-09 11:27:42]   рҹ“Ҡ Avg: -0.64%
[2026-04-09 11:32:45] рҹӨ– Auto Trader started
[2026-04-09 11:32:53]   рҹ“Ў Async batch price prefetch: 10/10 symbols cached
[2026-04-09 11:33:13] рҹ”Қ Scan | Cash: $92,268.10 | Pos: 5
[2026-04-09 11:33:13]   вң… Daily status: OK
[2026-04-09 11:33:15]   рҹ”ҙ BTC: -0.62% ($71,591вҶ’$71,150)
[2026-04-09 11:33:15]   рҹҹў PAXG: +0.34% ($4,718вҶ’$4,734)
[2026-04-09 11:33:15]   рҹ”ҙ XRP: -1.37% ($1вҶ’$1)
[2026-04-09 11:33:15]   рҹ”ҙ SUI: -0.95% ($1вҶ’$1)
[2026-04-09 11:33:15]   рҹ”ҙ ETH: -0.48% ($2,191вҶ’$2,181)
[2026-04-09 11:33:15]   рҹ“Ҡ Avg: -0.61%
[2026-04-09 11:37:53] рҹӨ– Auto Trader started
[2026-04-09 11:37:55] рҹӨ– Auto Trader started
[2026-04-09 11:38:01]   рҹ“Ў Async batch price prefetch: 10/10 symbols cached
[2026-04-09 11:38:04]   рҹ“Ў Async batch price prefetch: 10/10 symbols cached
[2026-04-09 11:38:22] рҹ”Қ Scan | Cash: $99,000.00 | Pos: 5
[2026-04-09 11:38:22]   вң… Daily status: OK
[2026-04-09 11:38:24] рҹ”Қ Scan | Cash: $99,000.00 | Pos: 5
[2026-04-09 11:38:24]   вң… Daily status: OK
[2026-04-09 11:38:29]   рҹ”ҙ BTC: -0.69% ($71,591вҶ’$71,099)
[2026-04-09 11:38:29]   рҹҹў PAXG: +0.31% ($4,718вҶ’$4,732)
[2026-04-09 11:38:29]   рҹ”ҙ XRP: -1.40% ($1вҶ’$1)
[2026-04-09 11:38:29]   рҹ”ҙ SUI: -1.06% ($1вҶ’$1)
[2026-04-09 11:38:29]   рҹ”ҙ ETH: -0.56% ($2,191вҶ’$2,179)
[2026-04-09 11:38:29]   рҹ“Ҡ Avg: -0.68%
[2026-04-09 11:38:46]   рҹ“Ў ETH price from Binance: $2,180.18
[2026-04-09 11:38:46]   рҹ”ҙ BTC: -0.69% ($71,591вҶ’$71,099)
[2026-04-09 11:38:46]   рҹҹў PAXG: +0.31% ($4,718вҶ’$4,732)
[2026-04-09 11:38:46]   рҹ”ҙ XRP: -1.41% ($1вҶ’$1)
[2026-04-09 11:38:46]   рҹ”ҙ SUI: -1.05% ($1вҶ’$1)
[2026-04-09 11:38:46]   рҹ”ҙ ETH: -0.51% ($2,191вҶ’$2,180)
[2026-04-09 11:38:46]   рҹ“Ҡ Avg: -0.67%
[2026-04-09 11:43:31] рҹӨ– Auto Trader started
[2026-04-09 11:43:40]   рҹ“Ў Async batch price prefetch: 10/10 symbols cached
[2026-04-09 11:44:00] рҹ”Қ Scan | Cash: $99,000.00 | Pos: 5
[2026-04-09 11:44:00]   вң… Daily status: OK
[2026-04-09 11:44:03]   рҹ”ҙ BTC: -0.59% ($71,591вҶ’$71,172)
[2026-04-09 11:44:03]   рҹҹў PAXG: +0.40% ($4,718вҶ’$4,737)
[2026-04-09 11:44:03]   рҹ”ҙ XRP: -1.42% ($1вҶ’$1)
[2026-04-09 11:44:03]   рҹ”ҙ SUI: -0.98% ($1вҶ’$1)
[2026-04-09 11:44:03]   рҹ”ҙ ETH: -0.50% ($2,191вҶ’$2,180)
[2026-04-09 11:44:03]   рҹ“Ҡ Avg: -0.62%
[2026-04-09 11:49:07] рҹӨ– Auto Trader started
[2026-04-09 11:49:16]   рҹ“Ў Async batch price prefetch: 10/10 symbols cached
[2026-04-09 11:49:37] рҹ”Қ Scan | Cash: $99,000.00 | Pos: 5
[2026-04-09 11:49:37]   вң… Daily status: OK
[2026-04-09 11:49:39]   рҹ”ҙ BTC: -0.53% ($71,591вҶ’$71,209)
[2026-04-09 11:49:39]   рҹҹў PAXG: +0.54% ($4,718вҶ’$4,743)
[2026-04-09 11:49:39]   рҹ”ҙ XRP: -1.46% ($1вҶ’$1)
[2026-04-09 11:49:39]   рҹ”ҙ SUI: -0.97% ($1вҶ’$1)
[2026-04-09 11:49:39]   рҹ”ҙ ETH: -0.41% ($2,191вҶ’$2,182)
[2026-04-09 11:49:39]   рҹ“Ҡ Avg: -0.57%
[2026-04-09 11:54:42] рҹӨ– Auto Trader started
[2026-04-09 11:54:50]   рҹ“Ў Async batch price prefetch: 10/10 symbols cached
[2026-04-09 11:55:10] рҹ”Қ Scan | Cash: $92,268.10 | Pos: 5
[2026-04-09 11:55:10]   вң… Daily status: OK
[2026-04-09 11:55:12]   рҹ”ҙ BTC: -0.54% ($71,591вҶ’$71,203)
[2026-04-09 11:55:12]   рҹҹў PAXG: +0.54% ($4,718вҶ’$4,743)
[2026-04-09 11:55:12]   рҹ”ҙ XRP: -1.57% ($1вҶ’$1)
[2026-04-09 11:55:12]   рҹ”ҙ SUI: -0.93% ($1вҶ’$1)
[2026-04-09 11:55:12]   рҹ”ҙ ETH: -0.45% ($2,191вҶ’$2,182)
[2026-04-09 11:55:12]   рҹ“Ҡ Avg: -0.59%
[2026-04-09 12:00:03] рҹӨ– Auto Trader started
[2026-04-09 12:00:13]   рҹ“Ў Async batch price prefetch: 10/10 symbols cached
[2026-04-09 12:00:15] рҹӨ– Auto Trader started
[2026-04-09 12:00:24]   рҹ“Ў Async batch price prefetch: 10/10 symbols cached
[2026-04-09 12:00:33] рҹ”Қ Scan | Cash: $99,000.00 | Pos: 5
[2026-04-09 12:00:33]   вң… Daily status: OK
[2026-04-09 12:00:40]   рҹ”ҙ BTC: -0.59% ($71,591вҶ’$71,168)
[2026-04-09 12:00:40]   рҹҹў PAXG: +0.57% ($4,718вҶ’$4,744)
[2026-04-09 12:00:40]   рҹ”ҙ XRP: -1.35% ($1вҶ’$1)
[2026-04-09 12:00:40]   рҹ”ҙ SUI: -0.95% ($1вҶ’$1)
[2026-04-09 12:00:40]   рҹ”ҙ ETH: -0.51% ($2,191вҶ’$2,180)
[2026-04-09 12:00:40]   рҹ“Ҡ Avg: -0.57%
[2026-04-09 12:00:45] рҹ”Қ Scan | Cash: $99,000.00 | Pos: 5
[2026-04-09 12:00:45]   вң… Daily status: OK
[2026-04-09 12:00:47]   рҹ”ҙ BTC: -0.60% ($71,591вҶ’$71,159)
[2026-04-09 12:00:47]   рҹҹў PAXG: +0.57% ($4,718вҶ’$4,744)
[2026-04-09 12:00:47]   рҹ”ҙ XRP: -1.35% ($1вҶ’$1)
[2026-04-09 12:00:47]   рҹ”ҙ SUI: -0.95% ($1вҶ’$1)
[2026-04-09 12:00:47]   рҹ”ҙ ETH: -0.52% ($2,191вҶ’$2,180)
[2026-04-09 12:00:47]   рҹ“Ҡ Avg: -0.57%
[2026-04-09 12:05:51] рҹӨ– Auto Trader started
[2026-04-09 12:06:00]   рҹ“Ў Async batch price prefetch: 10/10 symbols cached
[2026-04-09 12:06:21] рҹ”Қ Scan | Cash: $99,000.00 | Pos: 5
[2026-04-09 12:06:21]   вң… Daily status: OK
[2026-04-09 12:06:24]   рҹ”ҙ BTC: -0.53% ($71,591вҶ’$71,213)
[2026-04-09 12:06:24]   рҹҹў PAXG: +0.37% ($4,718вҶ’$4,735)
[2026-04-09 12:06:24]   рҹ”ҙ XRP: -1.37% ($1вҶ’$1)
[2026-04-09 12:06:24]   рҹ”ҙ SUI: -0.87% ($1вҶ’$1)
[2026-04-09 12:06:24]   рҹ”ҙ ETH: -0.43% ($2,191вҶ’$2,182)
[2026-04-09 12:06:24]   рҹ“Ҡ Avg: -0.57%
[2026-04-09 12:11:25] рҹӨ– Auto Trader started
[2026-04-09 12:11:39]   рҹ“Ў Async batch price prefetch: 10/10 symbols cached
[2026-04-09 12:11:42] рҹӨ– Auto Trader started
[2026-04-09 12:11:51]   рҹ“Ў Async batch price prefetch: 10/10 symbols cached
[2026-04-09 12:11:57] рҹ”Қ Scan | Cash: $92,268.10 | Pos: 5
[2026-04-09 12:11:57]   вң… Daily status: OK
[2026-04-09 12:12:00] рҹ”Қ Scan | Cash: $92,268.10 | Pos: 5
[2026-04-09 12:12:00]   вң… Daily status: OK
[2026-04-09 12:12:00]   рҹ”ҙ BTC: -0.52% ($71,591вҶ’$71,219)
[2026-04-09 12:12:00]   рҹҹў PAXG: +0.37% ($4,718вҶ’$4,735)
[2026-04-09 12:12:00]   рҹ”ҙ XRP: -1.37% ($1вҶ’$1)
[2026-04-09 12:12:00]   рҹ”ҙ SUI: -0.80% ($1вҶ’$1)
[2026-04-09 12:12:00]   рҹ”ҙ ETH: -0.43% ($2,191вҶ’$2,182)
[2026-04-09 12:12:00]   рҹ“Ҡ Avg: -0.55%
[2026-04-09 12:12:03]   рҹ”ҙ BTC: -0.52% ($71,591вҶ’$71,219)
[2026-04-09 12:12:03]   рҹҹў PAXG: +0.35% ($4,718вҶ’$4,734)
[2026-04-09 12:12:03]   рҹ”ҙ XRP: -1.37% ($1вҶ’$1)
[2026-04-09 12:12:03]   рҹ”ҙ SUI: -0.80% ($1вҶ’$1)
[2026-04-09 12:12:03]   рҹ”ҙ ETH: -0.42% ($2,191вҶ’$2,182)
[2026-04-09 12:12:03]   рҹ“Ҡ Avg: -0.55%
[2026-04-09 12:17:04] рҹӨ– Auto Trader started
[2026-04-09 12:17:13]   рҹ“Ў Async batch price prefetch: 10/10 symbols cached
[2026-04-09 12:17:24] рҹ”Қ Scan | Cash: $92,268.10 | Pos: 5
[2026-04-09 12:17:24]   вң… Daily status: OK
[2026-04-09 12:17:26]   рҹ”ҙ BTC: -0.50% ($71,591вҶ’$71,230)
[2026-04-09 12:17:26]   рҹҹў PAXG: +0.24% ($4,718вҶ’$4,729)
[2026-04-09 12:17:26]   рҹ”ҙ XRP: -1.40% ($1вҶ’$1)
[2026-04-09 12:17:26]   рҹ”ҙ SUI: -0.86% ($1вҶ’$1)
[2026-04-09 12:17:26]   рҹ”ҙ ETH: -0.41% ($2,191вҶ’$2,182)
[2026-04-09 12:17:26]   рҹ“Ҡ Avg: -0.59%
