[2026-04-08 12:03:09] === SCAN (snapshot: 2026-04-08T11:45:00Z) ===
[2026-04-08 12:03:09] Open bets: 5/5
[2026-04-08 12:04:13] === SCAN (snapshot: 2026-04-08T11:45:00Z) ===
[2026-04-08 12:04:13] Open bets: 5/5
[2026-04-08 12:08:59] ==================================================
[2026-04-08 12:08:59] SPORTS AUTO TRADER — FULL CYCLE
[2026-04-08 12:08:59] ==================================================
[2026-04-08 12:08:59] === AUTO CLOSE ===
[2026-04-08 12:08:59] HOLD: bet_001 Real Madrid ML @ 0¢ ($2.5)
[2026-04-08 12:08:59] HOLD: bet_002 Draw @ 0¢ ($1.0)
[2026-04-08 12:08:59] HOLD: bet_013 Barcelona ML @ 0¢ ($2.5)
[2026-04-08 12:08:59] HOLD: bet_014 Arsenal or Draw @ 0¢ ($2.0)
[2026-04-08 12:08:59] HOLD: bet_015 Liverpool ML @ 1¢ ($1.5)
[2026-04-08 12:08:59] === SCAN (snapshot: 2026-04-08T11:45:00Z) ===
[2026-04-08 12:08:59] Open bets: 5/5
[2026-04-08 12:08:59] ==================================================
[2026-04-08 12:08:59] RESULT: 0 placed, 5 open, 10 closed, PnL: $1.90
[2026-04-08 12:14:03] === AUTO CLOSE ===
[2026-04-08 12:14:03] HOLD: bet_001 Real Madrid ML @ 0¢ ($2.5)
[2026-04-08 12:14:03] HOLD: bet_002 Draw @ 0¢ ($1.0)
[2026-04-08 12:14:03] HOLD: bet_013 Barcelona ML @ 0¢ ($2.5)
[2026-04-08 12:14:03] HOLD: bet_014 Arsenal or Draw @ 0¢ ($2.0)
[2026-04-08 12:14:03] HOLD: bet_015 Liverpool ML @ 1¢ ($1.5)
[2026-04-08 12:14:40] ==================================================
[2026-04-08 12:14:40] SPORTS AUTO TRADER — FULL CYCLE
[2026-04-08 12:14:40] ==================================================
[2026-04-08 12:14:40] === AUTO CLOSE ===
[2026-04-08 12:14:40] HOLD: bet_013 Barcelona ML @ 0¢ ($2.5)
[2026-04-08 12:14:40] HOLD: bet_014 Arsenal or Draw @ 0¢ ($2.0)
[2026-04-08 12:14:40] HOLD: bet_015 Liverpool ML @ 1¢ ($1.5)
[2026-04-08 12:14:40] === SCAN (snapshot: 2026-04-08T11:45:00Z) ===
[2026-04-08 12:14:40] Open bets: 3/5
[2026-04-08 12:14:42] PLACE: Chelsea ML @ 0¢ ($2.0) — 🎯 BET: Chelsea ML on "Chelsea vs Man City — EPL" @ 45¢ ($2.0)
✅ Git push: bet Chelsea ML on Chelsea vs Man City — EPL (hermes1)
[2026-04-08 12:14:43] PLACE: Draw @ 0¢ ($2.5) — 🎯 BET: Draw on "Chelsea vs Man City — EPL" @ 25¢ ($2.5)
✅ Git push: bet Draw on Chelsea vs Man City — EPL (hermes1)
[2026-04-08 12:14:43] ==================================================
[2026-04-08 12:14:43] RESULT: 2 placed, 5 open, 12 closed, PnL: $-1.60
[2026-04-09 10:43:44] ==================================================
[2026-04-09 10:43:44] SPORTS AUTO TRADER — FULL CYCLE
[2026-04-09 10:43:44] ==================================================
[2026-04-09 10:43:44] === AUTO CLOSE ===
[2026-04-09 10:43:44] HOLD: bet_013 Barcelona ML @ 0¢ ($2.5)
[2026-04-09 10:43:44] HOLD: bet_014 Arsenal or Draw @ 0¢ ($2.0)
[2026-04-09 10:43:44] HOLD: bet_015 Liverpool ML @ 1¢ ($1.5)
[2026-04-09 10:43:44] HOLD: bet_016 Chelsea ML @ 0¢ ($2.0)
[2026-04-09 10:43:44] HOLD: bet_017 Draw @ 0¢ ($2.5)
[2026-04-09 10:43:44] === SCAN (snapshot: 2026-04-08T11:45:00Z) ===
[2026-04-09 10:43:44] Open bets: 5/5
[2026-04-09 10:43:44] ==================================================
[2026-04-09 10:43:44] RESULT: 0 placed, 5 open, 12 closed, PnL: $-1.60
[2026-04-09 11:14:16] ==================================================
[2026-04-09 11:14:16] SPORTS AUTO TRADER — FULL CYCLE
[2026-04-09 11:14:16] ==================================================
[2026-04-09 11:14:16] === AUTO CLOSE ===
[2026-04-09 11:14:16] HOLD: bet_013 Barcelona ML @ 0¢ ($2.5)
[2026-04-09 11:14:16] HOLD: bet_014 Arsenal or Draw @ 0¢ ($2.0)
[2026-04-09 11:14:16] HOLD: bet_015 Liverpool ML @ 1¢ ($1.5)
[2026-04-09 11:14:16] HOLD: bet_016 Chelsea ML @ 0¢ ($2.0)
[2026-04-09 11:14:16] HOLD: bet_017 Draw @ 0¢ ($2.5)
[2026-04-09 11:14:16] === SCAN (snapshot: 2026-04-08T11:45:00Z) ===
[2026-04-09 11:14:16] Open bets: 5/5
[2026-04-09 11:14:16] ==================================================
[2026-04-09 11:14:16] RESULT: 0 placed, 5 open, 12 closed, PnL: $-1.60
[2026-04-09 11:45:04] ==================================================
[2026-04-09 11:45:04] SPORTS AUTO TRADER — FULL CYCLE
[2026-04-09 11:45:04] ==================================================
[2026-04-09 11:45:04] === AUTO CLOSE ===
[2026-04-09 11:45:04] HOLD: bet_013 Barcelona ML @ 0¢ ($2.5)
[2026-04-09 11:45:04] HOLD: bet_014 Arsenal or Draw @ 0¢ ($2.0)
[2026-04-09 11:45:04] HOLD: bet_015 Liverpool ML @ 1¢ ($1.5)
[2026-04-09 11:45:04] HOLD: bet_016 Chelsea ML @ 0¢ ($2.0)
[2026-04-09 11:45:04] HOLD: bet_017 Draw @ 0¢ ($2.5)
[2026-04-09 11:45:04] === SCAN (snapshot: 2026-04-08T11:45:00Z) ===
[2026-04-09 11:45:04] Open bets: 5/5
[2026-04-09 11:45:04] ==================================================
[2026-04-09 11:45:04] RESULT: 0 placed, 5 open, 12 closed, PnL: $-1.60
[2026-04-09 12:16:01] ==================================================
[2026-04-09 12:16:01] SPORTS AUTO TRADER — FULL CYCLE
[2026-04-09 12:16:01] ==================================================
[2026-04-09 12:16:01] === AUTO CLOSE ===
[2026-04-09 12:16:01] HOLD: bet_013 Barcelona ML @ 0¢ ($2.5)
[2026-04-09 12:16:01] HOLD: bet_014 Arsenal or Draw @ 0¢ ($2.0)
[2026-04-09 12:16:01] HOLD: bet_015 Liverpool ML @ 1¢ ($1.5)
[2026-04-09 12:16:01] HOLD: bet_016 Chelsea ML @ 0¢ ($2.0)
[2026-04-09 12:16:01] HOLD: bet_017 Draw @ 0¢ ($2.5)
[2026-04-09 12:16:01] === SCAN (snapshot: 2026-04-08T11:45:00Z) ===
[2026-04-09 12:16:01] Open bets: 5/5
[2026-04-09 12:16:01] ==================================================
[2026-04-09 12:16:01] RESULT: 0 placed, 5 open, 12 closed, PnL: $-1.60
[2026-04-09 12:46:12] ==================================================
[2026-04-09 12:46:12] SPORTS AUTO TRADER — FULL CYCLE
[2026-04-09 12:46:12] ==================================================
[2026-04-09 12:46:12] === AUTO CLOSE ===
[2026-04-09 12:46:12] HOLD: bet_013 Barcelona ML @ 0¢ ($2.5)
[2026-04-09 12:46:12] HOLD: bet_014 Arsenal or Draw @ 0¢ ($2.0)
[2026-04-09 12:46:12] HOLD: bet_015 Liverpool ML @ 1¢ ($1.5)
[2026-04-09 12:46:12] HOLD: bet_016 Chelsea ML @ 0¢ ($2.0)
[2026-04-09 12:46:12] HOLD: bet_017 Draw @ 0¢ ($2.5)
[2026-04-09 12:46:12] === SCAN (snapshot: 2026-04-08T11:45:00Z) ===
[2026-04-09 12:46:12] Open bets: 5/5
[2026-04-09 12:46:12] ==================================================
[2026-04-09 12:46:12] RESULT: 0 placed, 5 open, 12 closed, PnL: $-1.60
[2026-04-09 13:16:22] ==================================================
[2026-04-09 13:16:22] SPORTS AUTO TRADER — FULL CYCLE
[2026-04-09 13:16:22] ==================================================
[2026-04-09 13:16:22] === AUTO CLOSE ===
[2026-04-09 13:16:22] HOLD: bet_013 Barcelona ML @ 0¢ ($2.5)
[2026-04-09 13:16:22] HOLD: bet_014 Arsenal or Draw @ 0¢ ($2.0)
[2026-04-09 13:16:22] HOLD: bet_015 Liverpool ML @ 1¢ ($1.5)
[2026-04-09 13:16:22] HOLD: bet_016 Chelsea ML @ 0¢ ($2.0)
[2026-04-09 13:16:22] HOLD: bet_017 Draw @ 0¢ ($2.5)
[2026-04-09 13:16:22] === SCAN (snapshot: 2026-04-08T11:45:00Z) ===
[2026-04-09 13:16:22] Open bets: 5/5
[2026-04-09 13:16:22] ==================================================
[2026-04-09 13:16:22] RESULT: 0 placed, 5 open, 12 closed, PnL: $-1.60
[2026-04-09 13:46:38] ==================================================
[2026-04-09 13:46:38] SPORTS AUTO TRADER — FULL CYCLE
[2026-04-09 13:46:38] ==================================================
[2026-04-09 13:46:38] === AUTO CLOSE ===
[2026-04-09 13:46:38] HOLD: bet_016 Chelsea ML @ 0¢ ($2.0)
[2026-04-09 13:46:38] HOLD: bet_017 Draw @ 0¢ ($2.5)
[2026-04-09 13:46:38] === SCAN (snapshot: 2026-04-08T11:45:00Z) ===
[2026-04-09 13:46:38] Open bets: 2/5
[2026-04-09 13:46:40] PLACE: Draw @ 0¢ ($2.5) — 🎯 BET: Draw on "PSG vs Liverpool — UCL" @ 24¢ ($2.5)
✅ Git push: bet Draw on PSG vs Liverpool — UCL (hermes1)
[2026-04-09 13:46:42] PLACE: Liverpool ML @ 0¢ ($2.0) — 🎯 BET: Liverpool ML on "PSG vs Liverpool — UCL" @ 33¢ ($2.0)
✅ Git push: bet Liverpool ML on PSG vs Liverpool — UCL (hermes1)
[2026-04-09 13:46:44] PLACE: Draw @ 0¢ ($2.5) — 🎯 BET: Draw on "Barcelona vs Atletico Madrid — UCL" @ 18¢ ($2.5)
✅ Git push: bet Draw on Barcelona vs Atletico Madrid — UCL (hermes1)
[2026-04-09 13:46:44] ==================================================
[2026-04-09 13:46:44] RESULT: 3 placed, 5 open, 15 closed, PnL: $-7.60
[2026-04-09 13:50:30] === SCAN (snapshot: 2026-04-08T11:45:00Z) ===
[2026-04-09 13:50:30] Open bets: 5/5
[2026-04-09 13:50:30]   ⏭️ SKIP PSG vs Liverpool: past match (2026-04-08)
[2026-04-09 13:50:30]   ⏭️ SKIP Barcelona vs Atletico Madrid: past match (2026-04-08)
[2026-04-09 13:50:30]   ⏭️ SKIP Liverpool vs PSG: no volume (TBD)
[2026-04-09 13:50:30]   ⏭️ SKIP Arsenal vs Sporting: no volume (TBD)
[2026-04-09 13:50:30]   ⏭️ SKIP Arsenal vs Bournemouth: no volume (TBD)
[2026-04-09 13:50:30]   ⏭️ SKIP Chelsea vs Man City: no volume (TBD)
[2026-04-09 13:50:30]   ⏭️ SKIP Man United vs Leeds: no volume (TBD)
[2026-04-09 14:17:20] ==================================================
[2026-04-09 14:17:20] SPORTS AUTO TRADER — FULL CYCLE
[2026-04-09 14:17:20] ==================================================
[2026-04-09 14:17:20] === AUTO CLOSE ===
[2026-04-09 14:17:20] HOLD: bet_016 Chelsea ML @ 0¢ ($2.0)
[2026-04-09 14:17:20] HOLD: bet_017 Draw @ 0¢ ($2.5)
[2026-04-09 14:17:20] === SCAN (snapshot: 2026-04-08T11:45:00Z) ===
[2026-04-09 14:17:20] Open bets: 2/5
[2026-04-09 14:17:20]   ⏭️ SKIP PSG vs Liverpool: past match (2026-04-08)
[2026-04-09 14:17:20]   ⏭️ SKIP Barcelona vs Atletico Madrid: past match (2026-04-08)
[2026-04-09 14:17:20]   ⏭️ SKIP Liverpool vs PSG: no volume (TBD)
[2026-04-09 14:17:20]   ⏭️ SKIP Arsenal vs Sporting: no volume (TBD)
[2026-04-09 14:17:20]   ⏭️ SKIP Arsenal vs Bournemouth: no volume (TBD)
[2026-04-09 14:17:20]   ⏭️ SKIP Chelsea vs Man City: no volume (TBD)
[2026-04-09 14:17:20]   ⏭️ SKIP Man United vs Leeds: no volume (TBD)
[2026-04-09 14:17:22] PLACE: Draw @ 0¢ ($2.5) — 🎯 BET: Draw on "Bayern Munich vs Real Madrid — UCL" @ 22¢ ($2.5)
✅ Git push: bet Draw on Bayern Munich vs Real Madrid — UCL (hermes1)
[2026-04-09 14:17:23] PLACE: Real Madrid ML @ 0¢ ($2.5) — 🎯 BET: Real Madrid ML on "Bayern Munich vs Real Madrid — UCL" @ 22¢ ($2.5)
✅ Git push: bet Real Madrid ML on Bayern Munich vs Real Madrid — UCL (hermes1)
[2026-04-09 14:17:23] ==================================================
[2026-04-09 14:17:23] RESULT: 2 placed, 4 open, 18 closed, PnL: $-14.60
[2026-04-09 14:47:41] ==================================================
[2026-04-09 14:47:41] SPORTS AUTO TRADER — FULL CYCLE
[2026-04-09 14:47:41] ==================================================
[2026-04-09 14:47:41] === AUTO CLOSE ===
[2026-04-09 14:47:41] HOLD: bet_016 Chelsea ML @ 0¢ ($2.0)
[2026-04-09 14:47:41] HOLD: bet_017 Draw @ 0¢ ($2.5)
[2026-04-09 14:47:41] HOLD: bet_021 Draw @ 0¢ ($2.5)
[2026-04-09 14:47:41] HOLD: bet_022 Real Madrid ML @ 0¢ ($2.5)
[2026-04-09 14:47:41] === SCAN (snapshot: 2026-04-08T11:45:00Z) ===
[2026-04-09 14:47:41] Open bets: 4/5
[2026-04-09 14:47:41]   ⏭️ SKIP PSG vs Liverpool: past match (2026-04-08)
[2026-04-09 14:47:41]   ⏭️ SKIP Barcelona vs Atletico Madrid: past match (2026-04-08)
[2026-04-09 14:47:41]   ⏭️ SKIP Liverpool vs PSG: no volume (TBD)
[2026-04-09 14:47:41]   ⏭️ SKIP Arsenal vs Sporting: no volume (TBD)
[2026-04-09 14:47:41]   ⏭️ SKIP Arsenal vs Bournemouth: no volume (TBD)
[2026-04-09 14:47:41]   ⏭️ SKIP Chelsea vs Man City: no volume (TBD)
[2026-04-09 14:47:41]   ⏭️ SKIP Man United vs Leeds: no volume (TBD)
[2026-04-09 14:47:41] ==================================================
[2026-04-09 14:47:41] RESULT: 0 placed, 4 open, 18 closed, PnL: $-14.60
[2026-04-09 15:18:34] ==================================================
[2026-04-09 15:18:34] SPORTS AUTO TRADER — FULL CYCLE
[2026-04-09 15:18:34] ==================================================
[2026-04-09 15:18:34] === AUTO CLOSE ===
[2026-04-09 15:18:34] HOLD: bet_016 Chelsea ML @ 0¢ ($2.0)
[2026-04-09 15:18:34] HOLD: bet_017 Draw @ 0¢ ($2.5)
[2026-04-09 15:18:34] HOLD: bet_021 Draw @ 0¢ ($2.5)
[2026-04-09 15:18:34] HOLD: bet_022 Real Madrid ML @ 0¢ ($2.5)
[2026-04-09 15:18:34] HOLD: bet_023 Aston Villa ML @ 0¢ ($0.98)
[2026-04-09 15:18:34] HOLD: bet_024 Over 2.5 Goals @ 0¢ ($0.98)
[2026-04-09 15:18:34] HOLD: bet_025 Fiorentina ML @ 0¢ ($1.0)
[2026-04-09 15:18:34] HOLD: bet_026 Nottingham Forest ML @ 0¢ ($0.97)
[2026-04-09 15:18:34] === SCAN (snapshot: 2026-04-08T11:45:00Z) ===
[2026-04-09 15:18:34] Open bets: 8/5
[2026-04-09 15:18:34]   ⏭️ SKIP PSG vs Liverpool: past match (2026-04-08)
[2026-04-09 15:18:34]   ⏭️ SKIP Barcelona vs Atletico Madrid: past match (2026-04-08)
[2026-04-09 15:18:34]   ⏭️ SKIP Liverpool vs PSG: no volume (TBD)
[2026-04-09 15:18:34]   ⏭️ SKIP Arsenal vs Sporting: no volume (TBD)
[2026-04-09 15:18:34]   ⏭️ SKIP Arsenal vs Bournemouth: no volume (TBD)
[2026-04-09 15:18:34]   ⏭️ SKIP Chelsea vs Man City: no volume (TBD)
[2026-04-09 15:18:34]   ⏭️ SKIP Man United vs Leeds: no volume (TBD)
[2026-04-09 15:18:34] ==================================================
[2026-04-09 15:18:34] RESULT: 0 placed, 8 open, 18 closed, PnL: $-14.60
[2026-04-09 15:49:13] ==================================================
[2026-04-09 15:49:13] SPORTS AUTO TRADER — FULL CYCLE
[2026-04-09 15:49:13] ==================================================
[2026-04-09 15:49:13] === AUTO CLOSE ===
[2026-04-09 15:49:13] HOLD: bet_016 Chelsea ML @ 0¢ ($2.0)
[2026-04-09 15:49:13] HOLD: bet_017 Draw @ 0¢ ($2.5)
[2026-04-09 15:49:13] HOLD: bet_021 Draw @ 0¢ ($2.5)
[2026-04-09 15:49:13] HOLD: bet_022 Real Madrid ML @ 0¢ ($2.5)
[2026-04-09 15:49:13] HOLD: bet_023 Aston Villa ML @ 0¢ ($0.98)
[2026-04-09 15:49:13] HOLD: bet_024 Over 2.5 Goals @ 0¢ ($0.98)
[2026-04-09 15:49:13] HOLD: bet_025 Fiorentina ML @ 0¢ ($1.0)
[2026-04-09 15:49:13] HOLD: bet_026 Nottingham Forest ML @ 0¢ ($0.97)
[2026-04-09 15:49:13] === SCAN (snapshot: 2026-04-08T11:45:00Z) ===
[2026-04-09 15:49:13] Open bets: 8/5
[2026-04-09 15:49:13]   ⏭️ SKIP PSG vs Liverpool: past match (2026-04-08)
[2026-04-09 15:49:13]   ⏭️ SKIP Barcelona vs Atletico Madrid: past match (2026-04-08)
[2026-04-09 15:49:13]   ⏭️ SKIP Liverpool vs PSG: no volume (TBD)
[2026-04-09 15:49:13]   ⏭️ SKIP Arsenal vs Sporting: no volume (TBD)
[2026-04-09 15:49:13]   ⏭️ SKIP Arsenal vs Bournemouth: no volume (TBD)
[2026-04-09 15:49:13]   ⏭️ SKIP Chelsea vs Man City: no volume (TBD)
[2026-04-09 15:49:13]   ⏭️ SKIP Man United vs Leeds: no volume (TBD)
[2026-04-09 15:49:13] ==================================================
[2026-04-09 15:49:13] RESULT: 0 placed, 8 open, 18 closed, PnL: $-14.60
[2026-04-09 16:19:25] ==================================================
[2026-04-09 16:19:25] SPORTS AUTO TRADER — FULL CYCLE
[2026-04-09 16:19:25] ==================================================
[2026-04-09 16:19:25] === AUTO CLOSE ===
[2026-04-09 16:19:25] HOLD: bet_016 Chelsea ML @ 0¢ ($2.0)
[2026-04-09 16:19:25] HOLD: bet_017 Draw @ 0¢ ($2.5)
[2026-04-09 16:19:25] HOLD: bet_021 Draw @ 0¢ ($2.5)
[2026-04-09 16:19:25] HOLD: bet_022 Real Madrid ML @ 0¢ ($2.5)
[2026-04-09 16:19:25] HOLD: bet_023 Aston Villa ML @ 0¢ ($0.98)
[2026-04-09 16:19:25] HOLD: bet_024 Over 2.5 Goals @ 0¢ ($0.98)
[2026-04-09 16:19:25] HOLD: bet_025 Fiorentina ML @ 0¢ ($1.0)
[2026-04-09 16:19:25] HOLD: bet_026 Nottingham Forest ML @ 0¢ ($0.97)
[2026-04-09 16:19:25] === SCAN (snapshot: 2026-04-08T11:45:00Z) ===
[2026-04-09 16:19:25] Open bets: 8/5
[2026-04-09 16:19:25]   ⏭️ SKIP PSG vs Liverpool: past match (2026-04-08)
[2026-04-09 16:19:25]   ⏭️ SKIP Barcelona vs Atletico Madrid: past match (2026-04-08)
[2026-04-09 16:19:25]   ⏭️ SKIP Liverpool vs PSG: no volume (TBD)
[2026-04-09 16:19:25]   ⏭️ SKIP Arsenal vs Sporting: no volume (TBD)
[2026-04-09 16:19:25]   ⏭️ SKIP Arsenal vs Bournemouth: no volume (TBD)
[2026-04-09 16:19:25]   ⏭️ SKIP Chelsea vs Man City: no volume (TBD)
[2026-04-09 16:19:25]   ⏭️ SKIP Man United vs Leeds: no volume (TBD)
[2026-04-09 16:19:25] ==================================================
[2026-04-09 16:19:25] RESULT: 0 placed, 8 open, 18 closed, PnL: $-14.60
[2026-04-09 16:49:41] ==================================================
[2026-04-09 16:49:41] SPORTS AUTO TRADER — FULL CYCLE
[2026-04-09 16:49:41] ==================================================
[2026-04-09 16:49:41] === AUTO CLOSE ===
[2026-04-09 16:49:41] HOLD: bet_016 Chelsea ML @ 0¢ ($2.0)
[2026-04-09 16:49:41] HOLD: bet_017 Draw @ 0¢ ($2.5)
[2026-04-09 16:49:41] HOLD: bet_021 Draw @ 0¢ ($2.5)
[2026-04-09 16:49:41] HOLD: bet_022 Real Madrid ML @ 0¢ ($2.5)
[2026-04-09 16:49:41] HOLD: bet_023 Aston Villa ML @ 0¢ ($0.98)
[2026-04-09 16:49:41] HOLD: bet_024 Over 2.5 Goals @ 0¢ ($0.98)
[2026-04-09 16:49:41] HOLD: bet_025 Fiorentina ML @ 0¢ ($1.0)
[2026-04-09 16:49:41] HOLD: bet_026 Nottingham Forest ML @ 0¢ ($0.97)
[2026-04-09 16:49:41] === SCAN (snapshot: 2026-04-08T11:45:00Z) ===
[2026-04-09 16:49:41] Open bets: 8/5
[2026-04-09 16:49:41]   ⏭️ SKIP PSG vs Liverpool: past match (2026-04-08)
[2026-04-09 16:49:41]   ⏭️ SKIP Barcelona vs Atletico Madrid: past match (2026-04-08)
[2026-04-09 16:49:41]   ⏭️ SKIP Liverpool vs PSG: no volume (TBD)
[2026-04-09 16:49:41]   ⏭️ SKIP Arsenal vs Sporting: no volume (TBD)
[2026-04-09 16:49:41]   ⏭️ SKIP Arsenal vs Bournemouth: no volume (TBD)
[2026-04-09 16:49:41]   ⏭️ SKIP Chelsea vs Man City: no volume (TBD)
[2026-04-09 16:49:41]   ⏭️ SKIP Man United vs Leeds: no volume (TBD)
[2026-04-09 16:49:41] ==================================================
[2026-04-09 16:49:41] RESULT: 0 placed, 8 open, 18 closed, PnL: $-14.60
[2026-04-09 17:19:49] ==================================================
[2026-04-09 17:19:49] SPORTS AUTO TRADER — FULL CYCLE
[2026-04-09 17:19:49] ==================================================
[2026-04-09 17:19:49] === AUTO CLOSE ===
[2026-04-09 17:19:49] HOLD: bet_016 Chelsea ML @ 0¢ ($2.0)
[2026-04-09 17:19:49] HOLD: bet_017 Draw @ 0¢ ($2.5)
[2026-04-09 17:19:49] HOLD: bet_021 Draw @ 0¢ ($2.5)
[2026-04-09 17:19:49] HOLD: bet_022 Real Madrid ML @ 0¢ ($2.5)
[2026-04-09 17:19:49] HOLD: bet_023 Aston Villa ML @ 0¢ ($0.98)
[2026-04-09 17:19:49] HOLD: bet_024 Over 2.5 Goals @ 0¢ ($0.98)
[2026-04-09 17:19:49] HOLD: bet_025 Fiorentina ML @ 0¢ ($1.0)
[2026-04-09 17:19:49] HOLD: bet_026 Nottingham Forest ML @ 0¢ ($0.97)
[2026-04-09 17:19:49] === SCAN (snapshot: 2026-04-08T11:45:00Z) ===
[2026-04-09 17:19:49] Open bets: 8/5
[2026-04-09 17:19:49]   ⏭️ SKIP PSG vs Liverpool: past match (2026-04-08)
[2026-04-09 17:19:49]   ⏭️ SKIP Barcelona vs Atletico Madrid: past match (2026-04-08)
[2026-04-09 17:19:49]   ⏭️ SKIP Liverpool vs PSG: no volume (TBD)
[2026-04-09 17:19:49]   ⏭️ SKIP Arsenal vs Sporting: no volume (TBD)
[2026-04-09 17:19:49]   ⏭️ SKIP Arsenal vs Bournemouth: no volume (TBD)
[2026-04-09 17:19:49]   ⏭️ SKIP Chelsea vs Man City: no volume (TBD)
[2026-04-09 17:19:49]   ⏭️ SKIP Man United vs Leeds: no volume (TBD)
[2026-04-09 17:19:49] ==================================================
[2026-04-09 17:19:49] RESULT: 0 placed, 8 open, 18 closed, PnL: $-14.60
[2026-04-09 17:50:47] ==================================================
[2026-04-09 17:50:47] SPORTS AUTO TRADER — FULL CYCLE
[2026-04-09 17:50:47] ==================================================
[2026-04-09 17:50:47] === AUTO CLOSE ===
[2026-04-09 17:50:47] HOLD: bet_016 Chelsea ML @ 0¢ ($2.0)
[2026-04-09 17:50:47] HOLD: bet_017 Draw @ 0¢ ($2.5)
[2026-04-09 17:50:47] HOLD: bet_021 Draw @ 0¢ ($2.5)
[2026-04-09 17:50:47] HOLD: bet_022 Real Madrid ML @ 0¢ ($2.5)
[2026-04-09 17:50:47] HOLD: bet_023 Aston Villa ML @ 0¢ ($0.98)
[2026-04-09 17:50:47] HOLD: bet_024 Over 2.5 Goals @ 0¢ ($0.98)
[2026-04-09 17:50:47] HOLD: bet_025 Fiorentina ML @ 0¢ ($1.0)
[2026-04-09 17:50:47] HOLD: bet_026 Nottingham Forest ML @ 0¢ ($0.97)
[2026-04-09 17:50:47] === SCAN (snapshot: 2026-04-08T11:45:00Z) ===
[2026-04-09 17:50:47] Open bets: 8/5
[2026-04-09 17:50:47]   ⏭️ SKIP PSG vs Liverpool: past match (2026-04-08)
[2026-04-09 17:50:47]   ⏭️ SKIP Barcelona vs Atletico Madrid: past match (2026-04-08)
[2026-04-09 17:50:47]   ⏭️ SKIP Liverpool vs PSG: no volume (TBD)
[2026-04-09 17:50:47]   ⏭️ SKIP Arsenal vs Sporting: no volume (TBD)
[2026-04-09 17:50:47]   ⏭️ SKIP Arsenal vs Bournemouth: no volume (TBD)
[2026-04-09 17:50:47]   ⏭️ SKIP Chelsea vs Man City: no volume (TBD)
[2026-04-09 17:50:47]   ⏭️ SKIP Man United vs Leeds: no volume (TBD)
[2026-04-09 17:50:47] ==================================================
[2026-04-09 17:50:47] RESULT: 0 placed, 8 open, 18 closed, PnL: $-14.60
[2026-04-09 18:20:27] ==================================================
[2026-04-09 18:20:27] SPORTS AUTO TRADER — FULL CYCLE
[2026-04-09 18:20:27] ==================================================
[2026-04-09 18:20:27] === AUTO CLOSE ===
[2026-04-09 18:20:27] HOLD: bet_016 Chelsea ML @ 0¢ ($2.0)
[2026-04-09 18:20:27] HOLD: bet_017 Draw @ 0¢ ($2.5)
[2026-04-09 18:20:27] HOLD: bet_021 Draw @ 0¢ ($2.5)
[2026-04-09 18:20:27] HOLD: bet_022 Real Madrid ML @ 0¢ ($2.5)
[2026-04-09 18:20:27] HOLD: bet_023 Aston Villa ML @ 0¢ ($0.98)
[2026-04-09 18:20:27] HOLD: bet_024 Over 2.5 Goals @ 0¢ ($0.98)
[2026-04-09 18:20:27] HOLD: bet_025 Fiorentina ML @ 0¢ ($1.0)
[2026-04-09 18:20:27] HOLD: bet_026 Nottingham Forest ML @ 0¢ ($0.97)
[2026-04-09 18:20:27] === SCAN (snapshot: 2026-04-08T11:45:00Z) ===
[2026-04-09 18:20:27] Open bets: 8/5
[2026-04-09 18:20:27]   ⏭️ SKIP PSG vs Liverpool: past match (2026-04-08)
[2026-04-09 18:20:27]   ⏭️ SKIP Barcelona vs Atletico Madrid: past match (2026-04-08)
[2026-04-09 18:20:27]   ⏭️ SKIP Liverpool vs PSG: no volume (TBD)
[2026-04-09 18:20:27]   ⏭️ SKIP Arsenal vs Sporting: no volume (TBD)
[2026-04-09 18:20:27]   ⏭️ SKIP Arsenal vs Bournemouth: no volume (TBD)
[2026-04-09 18:20:27]   ⏭️ SKIP Chelsea vs Man City: no volume (TBD)
[2026-04-09 18:20:27]   ⏭️ SKIP Man United vs Leeds: no volume (TBD)
[2026-04-09 18:20:27] ==================================================
[2026-04-09 18:20:27] RESULT: 0 placed, 8 open, 18 closed, PnL: $-14.60
[2026-04-09 18:50:33] ==================================================
[2026-04-09 18:50:33] SPORTS AUTO TRADER — FULL CYCLE
[2026-04-09 18:50:33] ==================================================
[2026-04-09 18:50:33] === AUTO CLOSE ===
[2026-04-09 18:50:33] HOLD: bet_016 Chelsea ML @ 0¢ ($2.0)
[2026-04-09 18:50:33] HOLD: bet_017 Draw @ 0¢ ($2.5)
[2026-04-09 18:50:33] HOLD: bet_021 Draw @ 0¢ ($2.5)
[2026-04-09 18:50:33] HOLD: bet_022 Real Madrid ML @ 0¢ ($2.5)
[2026-04-09 18:50:33] HOLD: bet_023 Aston Villa ML @ 0¢ ($0.98)
[2026-04-09 18:50:33] HOLD: bet_024 Over 2.5 Goals @ 0¢ ($0.98)
[2026-04-09 18:50:33] HOLD: bet_025 Fiorentina ML @ 0¢ ($1.0)
[2026-04-09 18:50:33] HOLD: bet_026 Nottingham Forest ML @ 0¢ ($0.97)
[2026-04-09 18:50:33] === SCAN (snapshot: 2026-04-08T11:45:00Z) ===
[2026-04-09 18:50:33] Open bets: 8/5
[2026-04-09 18:50:33]   ⏭️ SKIP PSG vs Liverpool: past match (2026-04-08)
[2026-04-09 18:50:33]   ⏭️ SKIP Barcelona vs Atletico Madrid: past match (2026-04-08)
[2026-04-09 18:50:33]   ⏭️ SKIP Liverpool vs PSG: no volume (TBD)
[2026-04-09 18:50:33]   ⏭️ SKIP Arsenal vs Sporting: no volume (TBD)
[2026-04-09 18:50:33]   ⏭️ SKIP Arsenal vs Bournemouth: no volume (TBD)
[2026-04-09 18:50:33]   ⏭️ SKIP Chelsea vs Man City: no volume (TBD)
[2026-04-09 18:50:33]   ⏭️ SKIP Man United vs Leeds: no volume (TBD)
[2026-04-09 18:50:33] ==================================================
[2026-04-09 18:50:33] RESULT: 0 placed, 8 open, 18 closed, PnL: $-14.60
[2026-04-09 19:20:44] ==================================================
[2026-04-09 19:20:44] SPORTS AUTO TRADER — FULL CYCLE
[2026-04-09 19:20:44] ==================================================
[2026-04-09 19:20:44] === AUTO CLOSE ===
[2026-04-09 19:20:44] HOLD: bet_016 Chelsea ML @ 0¢ ($2.0)
[2026-04-09 19:20:44] HOLD: bet_017 Draw @ 0¢ ($2.5)
[2026-04-09 19:20:44] HOLD: bet_021 Draw @ 0¢ ($2.5)
[2026-04-09 19:20:44] HOLD: bet_022 Real Madrid ML @ 0¢ ($2.5)
[2026-04-09 19:20:44] HOLD: bet_023 Aston Villa ML @ 0¢ ($0.98)
[2026-04-09 19:20:44] HOLD: bet_024 Over 2.5 Goals @ 0¢ ($0.98)
[2026-04-09 19:20:44] HOLD: bet_025 Fiorentina ML @ 0¢ ($1.0)
[2026-04-09 19:20:44] HOLD: bet_026 Nottingham Forest ML @ 0¢ ($0.97)
[2026-04-09 19:20:44] === SCAN (snapshot: 2026-04-08T11:45:00Z) ===
[2026-04-09 19:20:44] Open bets: 8/5
[2026-04-09 19:20:44]   ⏭️ SKIP PSG vs Liverpool: past match (2026-04-08)
[2026-04-09 19:20:44]   ⏭️ SKIP Barcelona vs Atletico Madrid: past match (2026-04-08)
[2026-04-09 19:20:44]   ⏭️ SKIP Liverpool vs PSG: no volume (TBD)
[2026-04-09 19:20:44]   ⏭️ SKIP Arsenal vs Sporting: no volume (TBD)
[2026-04-09 19:20:44]   ⏭️ SKIP Arsenal vs Bournemouth: no volume (TBD)
[2026-04-09 19:20:44]   ⏭️ SKIP Chelsea vs Man City: no volume (TBD)
[2026-04-09 19:20:44]   ⏭️ SKIP Man United vs Leeds: no volume (TBD)
[2026-04-09 19:20:44] ==================================================
[2026-04-09 19:20:44] RESULT: 0 placed, 8 open, 18 closed, PnL: $-14.60
[2026-04-09 19:51:29] ==================================================
[2026-04-09 19:51:29] SPORTS AUTO TRADER — FULL CYCLE
[2026-04-09 19:51:29] ==================================================
[2026-04-09 19:51:29] === AUTO CLOSE ===
[2026-04-09 19:51:29] HOLD: bet_016 Chelsea ML @ 0¢ ($2.0)
[2026-04-09 19:51:29] HOLD: bet_017 Draw @ 0¢ ($2.5)
[2026-04-09 19:51:29] HOLD: bet_021 Draw @ 0¢ ($2.5)
[2026-04-09 19:51:29] HOLD: bet_022 Real Madrid ML @ 0¢ ($2.5)
[2026-04-09 19:51:29] HOLD: bet_023 Aston Villa ML @ 0¢ ($0.98)
[2026-04-09 19:51:29] HOLD: bet_024 Over 2.5 Goals @ 0¢ ($0.98)
[2026-04-09 19:51:29] HOLD: bet_025 Fiorentina ML @ 0¢ ($1.0)
[2026-04-09 19:51:29] HOLD: bet_026 Nottingham Forest ML @ 0¢ ($0.97)
[2026-04-09 19:51:29] === SCAN (snapshot: 2026-04-08T11:45:00Z) ===
[2026-04-09 19:51:29] Open bets: 8/5
[2026-04-09 19:51:29]   ⏭️ SKIP PSG vs Liverpool: past match (2026-04-08)
[2026-04-09 19:51:29]   ⏭️ SKIP Barcelona vs Atletico Madrid: past match (2026-04-08)
[2026-04-09 19:51:29]   ⏭️ SKIP Liverpool vs PSG: no volume (TBD)
[2026-04-09 19:51:29]   ⏭️ SKIP Arsenal vs Sporting: no volume (TBD)
[2026-04-09 19:51:29]   ⏭️ SKIP Arsenal vs Bournemouth: no volume (TBD)
[2026-04-09 19:51:29]   ⏭️ SKIP Chelsea vs Man City: no volume (TBD)
[2026-04-09 19:51:29]   ⏭️ SKIP Man United vs Leeds: no volume (TBD)
[2026-04-09 19:51:29] ==================================================
[2026-04-09 19:51:29] RESULT: 0 placed, 8 open, 18 closed, PnL: $-14.60
[2026-04-09 20:22:07] ==================================================
[2026-04-09 20:22:07] SPORTS AUTO TRADER — FULL CYCLE
[2026-04-09 20:22:07] ==================================================
[2026-04-09 20:22:07] === AUTO CLOSE ===
[2026-04-09 20:22:07] HOLD: bet_016 Chelsea ML @ 0¢ ($2.0)
[2026-04-09 20:22:07] HOLD: bet_017 Draw @ 0¢ ($2.5)
[2026-04-09 20:22:07] HOLD: bet_021 Draw @ 0¢ ($2.5)
[2026-04-09 20:22:07] HOLD: bet_022 Real Madrid ML @ 0¢ ($2.5)
[2026-04-09 20:22:07] HOLD: bet_023 Aston Villa ML @ 0¢ ($0.98)
[2026-04-09 20:22:07] HOLD: bet_024 Over 2.5 Goals @ 0¢ ($0.98)
[2026-04-09 20:22:07] HOLD: bet_025 Fiorentina ML @ 0¢ ($1.0)
[2026-04-09 20:22:07] HOLD: bet_026 Nottingham Forest ML @ 0¢ ($0.97)
[2026-04-09 20:22:07] === SCAN (snapshot: 2026-04-08T11:45:00Z) ===
[2026-04-09 20:22:07] Open bets: 8/5
[2026-04-09 20:22:07]   ⏭️ SKIP PSG vs Liverpool: past match (2026-04-08)
[2026-04-09 20:22:07]   ⏭️ SKIP Barcelona vs Atletico Madrid: past match (2026-04-08)
[2026-04-09 20:22:07]   ⏭️ SKIP Liverpool vs PSG: no volume (TBD)
[2026-04-09 20:22:07]   ⏭️ SKIP Arsenal vs Sporting: no volume (TBD)
[2026-04-09 20:22:07]   ⏭️ SKIP Arsenal vs Bournemouth: no volume (TBD)
[2026-04-09 20:22:07]   ⏭️ SKIP Chelsea vs Man City: no volume (TBD)
[2026-04-09 20:22:07]   ⏭️ SKIP Man United vs Leeds: no volume (TBD)
[2026-04-09 20:22:07] ==================================================
[2026-04-09 20:22:07] RESULT: 0 placed, 8 open, 18 closed, PnL: $-14.60
[2026-04-09 20:52:28] ==================================================
[2026-04-09 20:52:28] SPORTS AUTO TRADER — FULL CYCLE
[2026-04-09 20:52:28] ==================================================
[2026-04-09 20:52:28] === AUTO CLOSE ===
[2026-04-09 20:52:28] HOLD: bet_016 Chelsea ML @ 0¢ ($2.0)
[2026-04-09 20:52:28] HOLD: bet_017 Draw @ 0¢ ($2.5)
[2026-04-09 20:52:28] HOLD: bet_021 Draw @ 0¢ ($2.5)
[2026-04-09 20:52:28] HOLD: bet_022 Real Madrid ML @ 0¢ ($2.5)
[2026-04-09 20:52:28] HOLD: bet_023 Aston Villa ML @ 0¢ ($0.98)
[2026-04-09 20:52:28] HOLD: bet_024 Over 2.5 Goals @ 0¢ ($0.98)
[2026-04-09 20:52:28] HOLD: bet_025 Fiorentina ML @ 0¢ ($1.0)
[2026-04-09 20:52:28] HOLD: bet_026 Nottingham Forest ML @ 0¢ ($0.97)
[2026-04-09 20:52:28] === SCAN (snapshot: 2026-04-08T11:45:00Z) ===
[2026-04-09 20:52:28] Open bets: 8/5
[2026-04-09 20:52:28]   ⏭️ SKIP PSG vs Liverpool: past match (2026-04-08)
[2026-04-09 20:52:28]   ⏭️ SKIP Barcelona vs Atletico Madrid: past match (2026-04-08)
[2026-04-09 20:52:28]   ⏭️ SKIP Liverpool vs PSG: no volume (TBD)
[2026-04-09 20:52:28]   ⏭️ SKIP Arsenal vs Sporting: no volume (TBD)
[2026-04-09 20:52:28]   ⏭️ SKIP Arsenal vs Bournemouth: no volume (TBD)
[2026-04-09 20:52:28]   ⏭️ SKIP Chelsea vs Man City: no volume (TBD)
[2026-04-09 20:52:28]   ⏭️ SKIP Man United vs Leeds: no volume (TBD)
[2026-04-09 20:52:28] ==================================================
[2026-04-09 20:52:28] RESULT: 0 placed, 8 open, 18 closed, PnL: $-14.60
[2026-04-09 21:23:39] ==================================================
[2026-04-09 21:23:39] SPORTS AUTO TRADER — FULL CYCLE
[2026-04-09 21:23:39] ==================================================
[2026-04-09 21:23:39] === AUTO CLOSE ===
[2026-04-09 21:23:39] HOLD: bet_016 Chelsea ML @ 0¢ ($2.0)
[2026-04-09 21:23:39] HOLD: bet_017 Draw @ 0¢ ($2.5)
[2026-04-09 21:23:39] HOLD: bet_021 Draw @ 0¢ ($2.5)
[2026-04-09 21:23:39] HOLD: bet_022 Real Madrid ML @ 0¢ ($2.5)
[2026-04-09 21:23:39] HOLD: bet_023 Aston Villa ML @ 0¢ ($0.98)
[2026-04-09 21:23:39] HOLD: bet_024 Over 2.5 Goals @ 0¢ ($0.98)
[2026-04-09 21:23:39] HOLD: bet_025 Fiorentina ML @ 0¢ ($1.0)
[2026-04-09 21:23:39] HOLD: bet_026 Nottingham Forest ML @ 0¢ ($0.97)
[2026-04-09 21:23:39] === SCAN (snapshot: 2026-04-08T11:45:00Z) ===
[2026-04-09 21:23:39] Open bets: 8/5
[2026-04-09 21:23:39]   ⏭️ SKIP PSG vs Liverpool: past match (2026-04-08)
[2026-04-09 21:23:39]   ⏭️ SKIP Barcelona vs Atletico Madrid: past match (2026-04-08)
[2026-04-09 21:23:39]   ⏭️ SKIP Liverpool vs PSG: no volume (TBD)
[2026-04-09 21:23:39]   ⏭️ SKIP Arsenal vs Sporting: no volume (TBD)
[2026-04-09 21:23:39]   ⏭️ SKIP Arsenal vs Bournemouth: no volume (TBD)
[2026-04-09 21:23:39]   ⏭️ SKIP Chelsea vs Man City: no volume (TBD)
[2026-04-09 21:23:39]   ⏭️ SKIP Man United vs Leeds: no volume (TBD)
[2026-04-09 21:23:39] ==================================================
[2026-04-09 21:23:39] RESULT: 0 placed, 8 open, 18 closed, PnL: $-14.60
[2026-04-09 21:53:45] ==================================================
[2026-04-09 21:53:45] SPORTS AUTO TRADER — FULL CYCLE
[2026-04-09 21:53:45] ==================================================
[2026-04-09 21:53:45] === AUTO CLOSE ===
[2026-04-09 21:53:45] HOLD: bet_016 Chelsea ML @ 0¢ ($2.0)
[2026-04-09 21:53:45] HOLD: bet_017 Draw @ 0¢ ($2.5)
[2026-04-09 21:53:45] HOLD: bet_021 Draw @ 0¢ ($2.5)
[2026-04-09 21:53:45] HOLD: bet_022 Real Madrid ML @ 0¢ ($2.5)
[2026-04-09 21:53:45] HOLD: bet_023 Aston Villa ML @ 0¢ ($0.98)
[2026-04-09 21:53:45] HOLD: bet_024 Over 2.5 Goals @ 0¢ ($0.98)
[2026-04-09 21:53:45] HOLD: bet_025 Fiorentina ML @ 0¢ ($1.0)
[2026-04-09 21:53:45] HOLD: bet_026 Nottingham Forest ML @ 0¢ ($0.97)
[2026-04-09 21:53:45] === SCAN (snapshot: 2026-04-08T11:45:00Z) ===
[2026-04-09 21:53:45] Open bets: 8/5
[2026-04-09 21:53:45]   ⏭️ SKIP PSG vs Liverpool: past match (2026-04-08)
[2026-04-09 21:53:45]   ⏭️ SKIP Barcelona vs Atletico Madrid: past match (2026-04-08)
[2026-04-09 21:53:45]   ⏭️ SKIP Liverpool vs PSG: no volume (TBD)
[2026-04-09 21:53:45]   ⏭️ SKIP Arsenal vs Sporting: no volume (TBD)
[2026-04-09 21:53:45]   ⏭️ SKIP Arsenal vs Bournemouth: no volume (TBD)
[2026-04-09 21:53:45]   ⏭️ SKIP Chelsea vs Man City: no volume (TBD)
[2026-04-09 21:53:45]   ⏭️ SKIP Man United vs Leeds: no volume (TBD)
[2026-04-09 21:53:45] ==================================================
[2026-04-09 21:53:45] RESULT: 0 placed, 8 open, 18 closed, PnL: $-14.60
[2026-04-09 22:24:37] ==================================================
[2026-04-09 22:24:37] SPORTS AUTO TRADER — FULL CYCLE
[2026-04-09 22:24:37] ==================================================
[2026-04-09 22:24:37] === AUTO CLOSE ===
[2026-04-09 22:24:37] HOLD: bet_016 Chelsea ML @ 0¢ ($2.0)
[2026-04-09 22:24:37] HOLD: bet_017 Draw @ 0¢ ($2.5)
[2026-04-09 22:24:37] HOLD: bet_021 Draw @ 0¢ ($2.5)
[2026-04-09 22:24:37] HOLD: bet_022 Real Madrid ML @ 0¢ ($2.5)
[2026-04-09 22:24:37] HOLD: bet_023 Aston Villa ML @ 0¢ ($0.98)
[2026-04-09 22:24:37] HOLD: bet_024 Over 2.5 Goals @ 0¢ ($0.98)
[2026-04-09 22:24:37] HOLD: bet_025 Fiorentina ML @ 0¢ ($1.0)
[2026-04-09 22:24:37] HOLD: bet_026 Nottingham Forest ML @ 0¢ ($0.97)
[2026-04-09 22:24:37] === SCAN (snapshot: 2026-04-08T11:45:00Z) ===
[2026-04-09 22:24:37] Open bets: 8/5
[2026-04-09 22:24:37]   ⏭️ SKIP PSG vs Liverpool: past match (2026-04-08)
[2026-04-09 22:24:37]   ⏭️ SKIP Barcelona vs Atletico Madrid: past match (2026-04-08)
[2026-04-09 22:24:37]   ⏭️ SKIP Liverpool vs PSG: no volume (TBD)
[2026-04-09 22:24:37]   ⏭️ SKIP Arsenal vs Sporting: no volume (TBD)
[2026-04-09 22:24:37]   ⏭️ SKIP Arsenal vs Bournemouth: no volume (TBD)
[2026-04-09 22:24:37]   ⏭️ SKIP Chelsea vs Man City: no volume (TBD)
[2026-04-09 22:24:37]   ⏭️ SKIP Man United vs Leeds: no volume (TBD)
[2026-04-09 22:24:37] ==================================================
[2026-04-09 22:24:37] RESULT: 0 placed, 8 open, 18 closed, PnL: $-14.60
[2026-04-09 22:55:30] ==================================================
[2026-04-09 22:55:30] SPORTS AUTO TRADER — FULL CYCLE
[2026-04-09 22:55:30] ==================================================
[2026-04-09 22:55:30] === AUTO CLOSE ===
[2026-04-09 22:55:30] HOLD: bet_016 Chelsea ML @ 0¢ ($2.0)
[2026-04-09 22:55:30] HOLD: bet_017 Draw @ 0¢ ($2.5)
[2026-04-09 22:55:30] HOLD: bet_021 Draw @ 0¢ ($2.5)
[2026-04-09 22:55:30] HOLD: bet_022 Real Madrid ML @ 0¢ ($2.5)
[2026-04-09 22:55:30] HOLD: bet_023 Aston Villa ML @ 0¢ ($0.98)
[2026-04-09 22:55:30] HOLD: bet_024 Over 2.5 Goals @ 0¢ ($0.98)
[2026-04-09 22:55:30] HOLD: bet_025 Fiorentina ML @ 0¢ ($1.0)
[2026-04-09 22:55:30] HOLD: bet_026 Nottingham Forest ML @ 0¢ ($0.97)
[2026-04-09 22:55:30] === SCAN (snapshot: 2026-04-08T11:45:00Z) ===
[2026-04-09 22:55:30] Open bets: 8/5
[2026-04-09 22:55:30]   ⏭️ SKIP PSG vs Liverpool: past match (2026-04-08)
[2026-04-09 22:55:30]   ⏭️ SKIP Barcelona vs Atletico Madrid: past match (2026-04-08)
[2026-04-09 22:55:30]   ⏭️ SKIP Liverpool vs PSG: no volume (TBD)
[2026-04-09 22:55:30]   ⏭️ SKIP Arsenal vs Sporting: no volume (TBD)
[2026-04-09 22:55:30]   ⏭️ SKIP Arsenal vs Bournemouth: no volume (TBD)
[2026-04-09 22:55:30]   ⏭️ SKIP Chelsea vs Man City: no volume (TBD)
[2026-04-09 22:55:30]   ⏭️ SKIP Man United vs Leeds: no volume (TBD)
[2026-04-09 22:55:30] ==================================================
[2026-04-09 22:55:30] RESULT: 0 placed, 8 open, 18 closed, PnL: $-14.60
[2026-04-09 23:25:44] ==================================================
[2026-04-09 23:25:44] SPORTS AUTO TRADER — FULL CYCLE
[2026-04-09 23:25:44] ==================================================
[2026-04-09 23:25:44] === AUTO CLOSE ===
[2026-04-09 23:25:44] HOLD: bet_016 Chelsea ML @ 0¢ ($2.0)
[2026-04-09 23:25:44] HOLD: bet_017 Draw @ 0¢ ($2.5)
[2026-04-09 23:25:44] HOLD: bet_021 Draw @ 0¢ ($2.5)
[2026-04-09 23:25:44] HOLD: bet_022 Real Madrid ML @ 0¢ ($2.5)
[2026-04-09 23:25:44] === SCAN (snapshot: 2026-04-08T11:45:00Z) ===
[2026-04-09 23:25:44] Open bets: 4/5
[2026-04-09 23:25:44]   ⏭️ SKIP PSG vs Liverpool: past match (2026-04-08)
[2026-04-09 23:25:44]   ⏭️ SKIP Barcelona vs Atletico Madrid: past match (2026-04-08)
[2026-04-09 23:25:44]   ⏭️ SKIP Liverpool vs PSG: no volume (TBD)
[2026-04-09 23:25:44]   ⏭️ SKIP Arsenal vs Sporting: no volume (TBD)
[2026-04-09 23:25:44]   ⏭️ SKIP Arsenal vs Bournemouth: no volume (TBD)
[2026-04-09 23:25:44]   ⏭️ SKIP Chelsea vs Man City: no volume (TBD)
[2026-04-09 23:25:44]   ⏭️ SKIP Man United vs Leeds: no volume (TBD)
[2026-04-09 23:25:44] ==================================================
[2026-04-09 23:25:44] RESULT: 0 placed, 4 open, 22 closed, PnL: $-14.61
[2026-04-09 23:56:20] ==================================================
[2026-04-09 23:56:20] SPORTS AUTO TRADER — FULL CYCLE
[2026-04-09 23:56:20] ==================================================
[2026-04-09 23:56:20] === AUTO CLOSE ===
[2026-04-09 23:56:20] === SCAN (snapshot: 2026-04-08T11:45:00Z) ===
[2026-04-09 23:56:20] Open bets: 0/5
[2026-04-09 23:56:20]   ⏭️ SKIP PSG vs Liverpool: past match (2026-04-08)
[2026-04-09 23:56:20]   ⏭️ SKIP Barcelona vs Atletico Madrid: past match (2026-04-08)
[2026-04-09 23:56:20]   ⏭️ SKIP Liverpool vs PSG: no volume (TBD)
[2026-04-09 23:56:20]   ⏭️ SKIP Arsenal vs Sporting: no volume (TBD)
[2026-04-09 23:56:20]   ⏭️ SKIP Arsenal vs Bournemouth: no volume (TBD)
[2026-04-09 23:56:20]   ⏭️ SKIP Chelsea vs Man City: no volume (TBD)
[2026-04-09 23:56:20]   ⏭️ SKIP Man United vs Leeds: no volume (TBD)
[2026-04-09 23:56:22] PLACE: Draw @ 0¢ ($2.5) — 🎯 BET: Draw on "Bayern Munich vs Real Madrid — UCL" @ 22¢ ($2.5)
✅ Git push: bet Draw on Bayern Munich vs Real Madrid — UCL (hermes1)
