[2026-04-09 17:43:38 WIB] рџљЂ WaifuTrader Daemon started (PID 532100)
[2026-04-09 17:43:38 WIB]   Crypto: every 300s | Sports: every 1800s | Sync: every 900s
[2026-04-09 17:43:38 WIB] рџ’№ Crypto scan starting...
[2026-04-09 17:43:44 WIB]   рџ’№ [2026-04-09 10:43:44]   рџџў PAXG: +0.22% ($4,718в†’$4,728)
[2026-04-09 17:43:44 WIB]   рџ’№ [2026-04-09 10:43:44]   рџ”ґ XRP: -0.93% ($1в†’$1)
[2026-04-09 17:43:44 WIB]   рџ’№ [2026-04-09 10:43:44]   рџ”ґ SUI: -0.39% ($1в†’$1)
[2026-04-09 17:43:44 WIB]   рџ’№ [2026-04-09 10:43:44]   рџ”ґ ETH: +0.00% ($2,191в†’$2,191)
[2026-04-09 17:43:44 WIB]   рџ’№ [2026-04-09 10:43:44]   рџ“Љ Avg: -0.28%
[2026-04-09 17:43:44 WIB] вљЅ Sports scan starting...
[2026-04-09 17:43:44 WIB]   вљЅ [2026-04-09 10:43:44] HOLD: bet_017 Draw @ 0Вў ($2.5)
[2026-04-09 17:43:44 WIB]   вљЅ [2026-04-09 10:43:44] === SCAN (snapshot: 2026-04-08T11:45:00Z) ===
[2026-04-09 17:43:44 WIB]   вљЅ [2026-04-09 10:43:44] Open bets: 5/5
[2026-04-09 17:43:44 WIB]   вљЅ [2026-04-09 10:43:44] ==================================================
[2026-04-09 17:43:44 WIB]   вљЅ [2026-04-09 10:43:44] RESULT: 0 placed, 5 open, 12 closed, PnL: $-1.60
[2026-04-09 17:43:44 WIB] рџ”„ Syncing data to GitHub...
[2026-04-09 17:43:44 WIB]   вќЊ Push failed: error: src refspec master does not match any
error: failed to push some refs to 'https://github.com/yooaru/ai-trading-journal.git'

[2026-04-09 17:48:45 WIB] рџ’№ Crypto scan starting...
[2026-04-09 17:49:05 WIB]   рџ’№ [2026-04-09 10:49:05]   рџџў PAXG: +0.29% ($4,718в†’$4,731)
[2026-04-09 17:49:05 WIB]   рџ’№ [2026-04-09 10:49:05]   рџ”ґ XRP: -0.90% ($1в†’$1)
[2026-04-09 17:49:05 WIB]   рџ’№ [2026-04-09 10:49:05]   рџ”ґ SUI: -0.39% ($1в†’$1)
[2026-04-09 17:49:05 WIB]   рџ’№ [2026-04-09 10:49:05]   рџџў ETH: +0.13% ($2,191в†’$2,194)
[2026-04-09 17:49:05 WIB]   рџ’№ [2026-04-09 10:49:05]   рџ“Љ Avg: -0.22%
[2026-04-09 17:54:06 WIB] рџ’№ Crypto scan starting...
[2026-04-09 17:54:39 WIB]   рџ’№ [2026-04-09 10:54:38]   рџџў PAXG: +0.30% ($4,718в†’$4,732)
[2026-04-09 17:54:39 WIB]   рџ’№ [2026-04-09 10:54:38]   рџ”ґ XRP: -0.97% ($1в†’$1)
[2026-04-09 17:54:39 WIB]   рџ’№ [2026-04-09 10:54:38]   рџ”ґ SUI: -0.44% ($1в†’$1)
[2026-04-09 17:54:39 WIB]   рџ’№ [2026-04-09 10:54:38]   рџџў ETH: +0.09% ($2,191в†’$2,193)
[2026-04-09 17:54:39 WIB]   рџ’№ [2026-04-09 10:54:38]   рџ“Љ Avg: -0.27%
[2026-04-09 17:58:39 WIB] рџ”„ Syncing data to GitHub...
[2026-04-09 17:58:39 WIB]   вќЊ Push failed: error: src refspec master does not match any
error: failed to push some refs to 'https://github.com/yooaru/ai-trading-journal.git'

[2026-04-09 17:59:39 WIB] рџ’№ Crypto scan starting...
[2026-04-09 18:00:08 WIB]   рџ’№ [2026-04-09 11:00:08]   рџџў PAXG: +0.26% ($4,718в†’$4,730)
[2026-04-09 18:00:08 WIB]   рџ’№ [2026-04-09 11:00:08]   рџ”ґ XRP: -1.09% ($1в†’$1)
[2026-04-09 18:00:08 WIB]   рџ’№ [2026-04-09 11:00:08]   рџ”ґ SUI: -0.44% ($1в†’$1)
[2026-04-09 18:00:08 WIB]   рџ’№ [2026-04-09 11:00:08]   рџ”ґ ETH: -0.02% ($2,191в†’$2,191)
[2026-04-09 18:00:08 WIB]   рџ’№ [2026-04-09 11:00:08]   рџ“Љ Avg: -0.34%
[2026-04-09 18:05:08 WIB] рџ’№ Crypto scan starting...
[2026-04-09 18:05:41 WIB]   рџ’№ [2026-04-09 11:05:41]   рџџў PAXG: +0.25% ($4,718в†’$4,729)
[2026-04-09 18:05:41 WIB]   рџ’№ [2026-04-09 11:05:41]   рџ”ґ XRP: -1.03% ($1в†’$1)
[2026-04-09 18:05:41 WIB]   рџ’№ [2026-04-09 11:05:41]   рџ”ґ SUI: -0.57% ($1в†’$1)
[2026-04-09 18:05:41 WIB]   рџ’№ [2026-04-09 11:05:41]   рџ”ґ ETH: -0.01% ($2,191в†’$2,191)
[2026-04-09 18:05:41 WIB]   рџ’№ [2026-04-09 11:05:41]   рџ“Љ Avg: -0.35%
[2026-04-09 18:10:42 WIB] рџ’№ Crypto scan starting...
[2026-04-09 18:11:15 WIB]   рџ’№ [2026-04-09 11:11:15]   рџџў PAXG: +0.21% ($4,718в†’$4,728)
[2026-04-09 18:11:15 WIB]   рџ’№ [2026-04-09 11:11:15]   рџ”ґ XRP: -1.17% ($1в†’$1)
[2026-04-09 18:11:15 WIB]   рџ’№ [2026-04-09 11:11:15]   рџ”ґ SUI: -0.75% ($1в†’$1)
[2026-04-09 18:11:15 WIB]   рџ’№ [2026-04-09 11:11:15]   рџ”ґ ETH: -0.17% ($2,191в†’$2,188)
[2026-04-09 18:11:15 WIB]   рџ’№ [2026-04-09 11:11:15]   рџ“Љ Avg: -0.48%
[2026-04-09 18:14:16 WIB] вљЅ Sports scan starting...
[2026-04-09 18:14:16 WIB]   вљЅ [2026-04-09 11:14:16] HOLD: bet_017 Draw @ 0Вў ($2.5)
[2026-04-09 18:14:16 WIB]   вљЅ [2026-04-09 11:14:16] === SCAN (snapshot: 2026-04-08T11:45:00Z) ===
[2026-04-09 18:14:16 WIB]   вљЅ [2026-04-09 11:14:16] Open bets: 5/5
[2026-04-09 18:14:16 WIB]   вљЅ [2026-04-09 11:14:16] ==================================================
[2026-04-09 18:14:16 WIB]   вљЅ [2026-04-09 11:14:16] RESULT: 0 placed, 5 open, 12 closed, PnL: $-1.60
[2026-04-09 18:14:16 WIB] рџ”„ Syncing data to GitHub...
[2026-04-09 18:14:16 WIB]   вќЊ Push failed: error: src refspec master does not match any
error: failed to push some refs to 'https://github.com/yooaru/ai-trading-journal.git'

[2026-04-09 18:16:16 WIB] рџ’№ Crypto scan starting...
[2026-04-09 18:16:45 WIB]   рџ’№ [2026-04-09 11:16:45]   рџџў PAXG: +0.23% ($4,718в†’$4,728)
[2026-04-09 18:16:45 WIB]   рџ’№ [2026-04-09 11:16:45]   рџ”ґ XRP: -1.14% ($1в†’$1)
[2026-04-09 18:16:45 WIB]   рџ’№ [2026-04-09 11:16:45]   рџ”ґ SUI: -0.86% ($1в†’$1)
[2026-04-09 18:16:45 WIB]   рџ’№ [2026-04-09 11:16:45]   рџ”ґ ETH: -0.31% ($2,191в†’$2,185)
[2026-04-09 18:16:45 WIB]   рџ’№ [2026-04-09 11:16:45]   рџ“Љ Avg: -0.53%
[2026-04-09 18:21:46 WIB] рџ’№ Crypto scan starting...
[2026-04-09 18:22:11 WIB]   рџ’№ [2026-04-09 11:22:11]   рџџў PAXG: +0.30% ($4,718в†’$4,732)
[2026-04-09 18:22:11 WIB]   рџ’№ [2026-04-09 11:22:11]   рџ”ґ XRP: -1.14% ($1в†’$1)
[2026-04-09 18:22:11 WIB]   рџ’№ [2026-04-09 11:22:11]   рџ”ґ SUI: -0.88% ($1в†’$1)
[2026-04-09 18:22:11 WIB]   рџ’№ [2026-04-09 11:22:11]   рџ”ґ ETH: -0.38% ($2,191в†’$2,183)
[2026-04-09 18:22:11 WIB]   рџ’№ [2026-04-09 11:22:11]   рџ“Љ Avg: -0.53%
[2026-04-09 18:27:12 WIB] рџ’№ Crypto scan starting...
[2026-04-09 18:27:43 WIB]   рџ’№ [2026-04-09 11:27:42]   рџџў PAXG: +0.29% ($4,718в†’$4,731)
[2026-04-09 18:27:43 WIB]   рџ’№ [2026-04-09 11:27:42]   рџ”ґ XRP: -1.14% ($1в†’$1)
[2026-04-09 18:27:43 WIB]   рџ’№ [2026-04-09 11:27:42]   рџ”ґ SUI: -1.10% ($1в†’$1)
[2026-04-09 18:27:43 WIB]   рџ’№ [2026-04-09 11:27:42]   рџ”ґ ETH: -0.52% ($2,191в†’$2,180)
[2026-04-09 18:27:43 WIB]   рџ’№ [2026-04-09 11:27:42]   рџ“Љ Avg: -0.64%
[2026-04-09 18:29:43 WIB] рџ”„ Syncing data to GitHub...
[2026-04-09 18:29:43 WIB]   вќЊ Push failed: error: src refspec master does not match any
error: failed to push some refs to 'https://github.com/yooaru/ai-trading-journal.git'

[2026-04-09 18:32:43 WIB] рџ’№ Crypto scan starting...
[2026-04-09 18:33:16 WIB]   рџ’№ [2026-04-09 11:33:15]   рџџў PAXG: +0.34% ($4,718в†’$4,734)
[2026-04-09 18:33:16 WIB]   рџ’№ [2026-04-09 11:33:15]   рџ”ґ XRP: -1.37% ($1в†’$1)
[2026-04-09 18:33:16 WIB]   рџ’№ [2026-04-09 11:33:15]   рџ”ґ SUI: -0.95% ($1в†’$1)
[2026-04-09 18:33:16 WIB]   рџ’№ [2026-04-09 11:33:15]   рџ”ґ ETH: -0.48% ($2,191в†’$2,181)
[2026-04-09 18:33:16 WIB]   рџ’№ [2026-04-09 11:33:15]   рџ“Љ Avg: -0.61%
[2026-04-09 18:36:51 WIB] рџљЂ WaifuTrader Daemon started (PID 536512)
[2026-04-09 18:36:51 WIB]   Crypto: every 300s | Sports: every 1800s | Sync: every 900s
[2026-04-09 18:36:54 WIB] рџљЂ WaifuTrader Daemon started (PID 536529)
[2026-04-09 18:36:54 WIB]   Crypto: every 300s | Sports: every 1800s | Sync: every 900s
[2026-04-09 18:37:51 WIB] рџ’№ Crypto scan starting...
[2026-04-09 18:37:54 WIB] рџ’№ Crypto scan starting...
[2026-04-09 18:38:30 WIB]   рџ’№ [2026-04-09 11:38:29]   рџџў PAXG: +0.31% ($4,718в†’$4,732)
[2026-04-09 18:38:30 WIB]   рџ’№ [2026-04-09 11:38:29]   рџ”ґ XRP: -1.40% ($1в†’$1)
[2026-04-09 18:38:30 WIB]   рџ’№ [2026-04-09 11:38:29]   рџ”ґ SUI: -1.06% ($1в†’$1)
[2026-04-09 18:38:30 WIB]   рџ’№ [2026-04-09 11:38:29]   рџ”ґ ETH: -0.56% ($2,191в†’$2,179)
[2026-04-09 18:38:30 WIB]   рџ’№ [2026-04-09 11:38:29]   рџ“Љ Avg: -0.68%
[2026-04-09 18:43:30 WIB] рџ’№ Crypto scan starting...
[2026-04-09 18:44:03 WIB]   рџ’№ [2026-04-09 11:44:03]   рџџў PAXG: +0.40% ($4,718в†’$4,737)
[2026-04-09 18:44:03 WIB]   рџ’№ [2026-04-09 11:44:03]   рџ”ґ XRP: -1.42% ($1в†’$1)
[2026-04-09 18:44:03 WIB]   рџ’№ [2026-04-09 11:44:03]   рџ”ґ SUI: -0.98% ($1в†’$1)
[2026-04-09 18:44:03 WIB]   рџ’№ [2026-04-09 11:44:03]   рџ”ґ ETH: -0.50% ($2,191в†’$2,180)
[2026-04-09 18:44:03 WIB]   рџ’№ [2026-04-09 11:44:03]   рџ“Љ Avg: -0.62%
[2026-04-09 18:45:03 WIB] вљЅ Sports scan starting...
[2026-04-09 18:45:04 WIB]   вљЅ [2026-04-09 11:45:04] HOLD: bet_017 Draw @ 0Вў ($2.5)
[2026-04-09 18:45:04 WIB]   вљЅ [2026-04-09 11:45:04] === SCAN (snapshot: 2026-04-08T11:45:00Z) ===
[2026-04-09 18:45:04 WIB]   вљЅ [2026-04-09 11:45:04] Open bets: 5/5
[2026-04-09 18:45:04 WIB]   вљЅ [2026-04-09 11:45:04] ==================================================
[2026-04-09 18:45:04 WIB]   вљЅ [2026-04-09 11:45:04] RESULT: 0 placed, 5 open, 12 closed, PnL: $-1.60
[2026-04-09 18:45:04 WIB] рџ”„ Syncing data to GitHub...
[2026-04-09 18:45:05 WIB]   вњ… Data pushed to GitHub
[2026-04-09 18:49:06 WIB] рџ’№ Crypto scan starting...
[2026-04-09 18:49:40 WIB]   рџ’№ [2026-04-09 11:49:39]   рџџў PAXG: +0.54% ($4,718в†’$4,743)
[2026-04-09 18:49:40 WIB]   рџ’№ [2026-04-09 11:49:39]   рџ”ґ XRP: -1.46% ($1в†’$1)
[2026-04-09 18:49:40 WIB]   рџ’№ [2026-04-09 11:49:39]   рџ”ґ SUI: -0.97% ($1в†’$1)
[2026-04-09 18:49:40 WIB]   рџ’№ [2026-04-09 11:49:39]   рџ”ґ ETH: -0.41% ($2,191в†’$2,182)
[2026-04-09 18:49:40 WIB]   рџ’№ [2026-04-09 11:49:39]   рџ“Љ Avg: -0.57%
[2026-04-09 18:54:40 WIB] рџ’№ Crypto scan starting...
[2026-04-09 18:55:13 WIB]   рџ’№ [2026-04-09 11:55:12]   рџџў PAXG: +0.54% ($4,718в†’$4,743)
[2026-04-09 18:55:13 WIB]   рџ’№ [2026-04-09 11:55:12]   рџ”ґ XRP: -1.57% ($1в†’$1)
[2026-04-09 18:55:13 WIB]   рџ’№ [2026-04-09 11:55:12]   рџ”ґ SUI: -0.93% ($1в†’$1)
[2026-04-09 18:55:13 WIB]   рџ’№ [2026-04-09 11:55:12]   рџ”ґ ETH: -0.45% ($2,191в†’$2,182)
[2026-04-09 18:55:13 WIB]   рџ’№ [2026-04-09 11:55:12]   рџ“Љ Avg: -0.59%
[2026-04-09 19:00:13 WIB] рџ’№ Crypto scan starting...
[2026-04-09 19:00:47 WIB]   рџ’№ [2026-04-09 12:00:47]   рџџў PAXG: +0.57% ($4,718в†’$4,744)
[2026-04-09 19:00:47 WIB]   рџ’№ [2026-04-09 12:00:47]   рџ”ґ XRP: -1.35% ($1в†’$1)
[2026-04-09 19:00:47 WIB]   рџ’№ [2026-04-09 12:00:47]   рџ”ґ SUI: -0.95% ($1в†’$1)
[2026-04-09 19:00:47 WIB]   рџ’№ [2026-04-09 12:00:47]   рџ”ґ ETH: -0.52% ($2,191в†’$2,180)
[2026-04-09 19:00:47 WIB]   рџ’№ [2026-04-09 12:00:47]   рџ“Љ Avg: -0.57%
[2026-04-09 19:00:47 WIB] рџ”„ Syncing data to GitHub...
[2026-04-09 19:00:49 WIB]   вњ… Data pushed to GitHub
[2026-04-09 19:05:49 WIB] рџ’№ Crypto scan starting...
[2026-04-09 19:06:24 WIB]   рџ’№ [2026-04-09 12:06:24]   рџџў PAXG: +0.37% ($4,718в†’$4,735)
[2026-04-09 19:06:24 WIB]   рџ’№ [2026-04-09 12:06:24]   рџ”ґ XRP: -1.37% ($1в†’$1)
[2026-04-09 19:06:24 WIB]   рџ’№ [2026-04-09 12:06:24]   рџ”ґ SUI: -0.87% ($1в†’$1)
[2026-04-09 19:06:24 WIB]   рџ’№ [2026-04-09 12:06:24]   рџ”ґ ETH: -0.43% ($2,191в†’$2,182)
[2026-04-09 19:06:24 WIB]   рџ’№ [2026-04-09 12:06:24]   рџ“Љ Avg: -0.57%
[2026-04-09 19:09:41 WIB] рџљЂ WaifuTrader Daemon started (PID 540122)
[2026-04-09 19:09:41 WIB]   Crypto: every 300s | Sports: every 1800s | Sync: every 900s
[2026-04-09 19:11:24 WIB] рџ’№ Crypto scan starting...
[2026-04-09 19:11:41 WIB] рџ’№ Crypto scan starting...
[2026-04-09 19:12:00 WIB]   рџ’№ [2026-04-09 12:12:00]   рџџў PAXG: +0.37% ($4,718в†’$4,735)
[2026-04-09 19:12:00 WIB]   рџ’№ [2026-04-09 12:12:00]   рџ”ґ XRP: -1.37% ($1в†’$1)
[2026-04-09 19:12:00 WIB]   рџ’№ [2026-04-09 12:12:00]   рџ”ґ SUI: -0.80% ($1в†’$1)
[2026-04-09 19:12:00 WIB]   рџ’№ [2026-04-09 12:12:00]   рџ”ґ ETH: -0.43% ($2,191в†’$2,182)
[2026-04-09 19:12:00 WIB]   рџ’№ [2026-04-09 12:12:00]   рџ“Љ Avg: -0.55%
[2026-04-09 19:16:01 WIB] вљЅ Sports scan starting...
[2026-04-09 19:16:01 WIB]   вљЅ [2026-04-09 12:16:01] HOLD: bet_017 Draw @ 0Вў ($2.5)
[2026-04-09 19:16:01 WIB]   вљЅ [2026-04-09 12:16:01] === SCAN (snapshot: 2026-04-08T11:45:00Z) ===
[2026-04-09 19:16:01 WIB]   вљЅ [2026-04-09 12:16:01] Open bets: 5/5
[2026-04-09 19:16:01 WIB]   вљЅ [2026-04-09 12:16:01] ==================================================
[2026-04-09 19:16:01 WIB]   вљЅ [2026-04-09 12:16:01] RESULT: 0 placed, 5 open, 12 closed, PnL: $-1.60
[2026-04-09 19:16:01 WIB] рџ”„ Syncing data to GitHub...
[2026-04-09 19:16:03 WIB]   вњ… Data pushed to GitHub
[2026-04-09 19:17:03 WIB] рџ’№ Crypto scan starting...
[2026-04-09 19:17:27 WIB]   рџ’№ [2026-04-09 12:17:26]   рџџў PAXG: +0.24% ($4,718в†’$4,729)
[2026-04-09 19:17:27 WIB]   рџ’№ [2026-04-09 12:17:26]   рџ”ґ XRP: -1.40% ($1в†’$1)
[2026-04-09 19:17:27 WIB]   рџ’№ [2026-04-09 12:17:26]   рџ”ґ SUI: -0.86% ($1в†’$1)
[2026-04-09 19:17:27 WIB]   рџ’№ [2026-04-09 12:17:26]   рџ”ґ ETH: -0.41% ($2,191в†’$2,182)
[2026-04-09 19:17:27 WIB]   рџ’№ [2026-04-09 12:17:26]   рџ“Љ Avg: -0.59%
[2026-04-09 19:22:27 WIB] рџ’№ Crypto scan starting...
[2026-04-09 19:22:55 WIB]   рџ’№ [2026-04-09 12:22:54]   рџџў PAXG: +0.24% ($4,718в†’$4,729)
[2026-04-09 19:22:55 WIB]   рџ’№ [2026-04-09 12:22:54]   рџ”ґ XRP: -1.51% ($1в†’$1)
[2026-04-09 19:22:55 WIB]   рџ’№ [2026-04-09 12:22:54]   рџ”ґ SUI: -1.06% ($1в†’$1)
[2026-04-09 19:22:55 WIB]   рџ’№ [2026-04-09 12:22:54]   рџ”ґ ETH: -0.67% ($2,191в†’$2,177)
[2026-04-09 19:22:55 WIB]   рџ’№ [2026-04-09 12:22:54]   рџ“Љ Avg: -0.74%
[2026-04-09 19:27:55 WIB] рџ’№ Crypto scan starting...
[2026-04-09 19:28:28 WIB]   рџ’№ [2026-04-09 12:28:28]   рџџў PAXG: +0.18% ($4,718в†’$4,726)
[2026-04-09 19:28:28 WIB]   рџ’№ [2026-04-09 12:28:28]   рџ”ґ XRP: -1.28% ($1в†’$1)
[2026-04-09 19:28:28 WIB]   рџ’№ [2026-04-09 12:28:28]   рџ”ґ SUI: -0.75% ($1в†’$1)
[2026-04-09 19:28:28 WIB]   рџ’№ [2026-04-09 12:28:28]   рџ”ґ ETH: -0.26% ($2,191в†’$2,186)
[2026-04-09 19:28:28 WIB]   рџ’№ [2026-04-09 12:28:28]   рџ“Љ Avg: -0.50%
[2026-04-09 19:31:28 WIB] рџ”„ Syncing data to GitHub...
[2026-04-09 19:31:30 WIB]   вњ… Data pushed to GitHub
[2026-04-09 19:33:30 WIB] рџ’№ Crypto scan starting...
[2026-04-09 19:34:03 WIB]   рџ’№ [2026-04-09 12:34:03]   рџџў PAXG: +0.25% ($4,718в†’$4,729)
[2026-04-09 19:34:03 WIB]   рџ’№ [2026-04-09 12:34:03]   рџ”ґ XRP: -1.45% ($1в†’$1)
[2026-04-09 19:34:03 WIB]   рџ’№ [2026-04-09 12:34:03]   рџ”ґ SUI: -0.90% ($1в†’$1)
[2026-04-09 19:34:03 WIB]   рџ’№ [2026-04-09 12:34:03]   рџ”ґ ETH: -0.42% ($2,191в†’$2,182)
[2026-04-09 19:34:03 WIB]   рџ’№ [2026-04-09 12:34:03]   рџ“Љ Avg: -0.61%
[2026-04-09 19:39:04 WIB] рџ’№ Crypto scan starting...
[2026-04-09 19:39:37 WIB]   рџ’№ [2026-04-09 12:39:37]   рџџў PAXG: +0.25% ($4,718в†’$4,729)
[2026-04-09 19:39:37 WIB]   рџ’№ [2026-04-09 12:39:37]   рџ”ґ XRP: -1.39% ($1в†’$1)
[2026-04-09 19:39:37 WIB]   рџ’№ [2026-04-09 12:39:37]   рџ”ґ SUI: -0.88% ($1в†’$1)
[2026-04-09 19:39:37 WIB]   рџ’№ [2026-04-09 12:39:37]   рџ”ґ ETH: -0.50% ($2,191в†’$2,180)
[2026-04-09 19:39:37 WIB]   рџ’№ [2026-04-09 12:39:37]   рџ“Љ Avg: -0.63%
[2026-04-09 19:44:38 WIB] рџ’№ Crypto scan starting...
[2026-04-09 19:45:12 WIB]   рџ’№ [2026-04-09 12:45:11]   рџџў PAXG: +0.30% ($4,718в†’$4,732)
[2026-04-09 19:45:12 WIB]   рџ’№ [2026-04-09 12:45:11]   рџ”ґ XRP: -1.27% ($1в†’$1)
[2026-04-09 19:45:12 WIB]   рџ’№ [2026-04-09 12:45:11]   рџ”ґ SUI: -0.67% ($1в†’$1)
[2026-04-09 19:45:12 WIB]   рџ’№ [2026-04-09 12:45:11]   рџ”ґ ETH: -0.35% ($2,191в†’$2,184)
[2026-04-09 19:45:12 WIB]   рџ’№ [2026-04-09 12:45:11]   рџ“Љ Avg: -0.50%
[2026-04-09 19:46:12 WIB] вљЅ Sports scan starting...
[2026-04-09 19:46:12 WIB]   вљЅ [2026-04-09 12:46:12] HOLD: bet_017 Draw @ 0Вў ($2.5)
[2026-04-09 19:46:12 WIB]   вљЅ [2026-04-09 12:46:12] === SCAN (snapshot: 2026-04-08T11:45:00Z) ===
[2026-04-09 19:46:12 WIB]   вљЅ [2026-04-09 12:46:12] Open bets: 5/5
[2026-04-09 19:46:12 WIB]   вљЅ [2026-04-09 12:46:12] ==================================================
[2026-04-09 19:46:12 WIB]   вљЅ [2026-04-09 12:46:12] RESULT: 0 placed, 5 open, 12 closed, PnL: $-1.60
[2026-04-09 19:47:12 WIB] рџ”„ Syncing data to GitHub...
[2026-04-09 19:47:14 WIB]   вњ… Data pushed to GitHub
[2026-04-09 19:50:14 WIB] рџ’№ Crypto scan starting...
[2026-04-09 19:50:56 WIB]   рџ’№ [2026-04-09 12:50:56]   рџџў PAXG: +0.29% ($4,718в†’$4,731)
[2026-04-09 19:50:56 WIB]   рџ’№ [2026-04-09 12:50:56]   рџ”ґ XRP: -1.33% ($1в†’$1)
[2026-04-09 19:50:56 WIB]   рџ’№ [2026-04-09 12:50:56]   рџ”ґ SUI: -0.74% ($1в†’$1)
[2026-04-09 19:50:56 WIB]   рџ’№ [2026-04-09 12:50:56]   рџ”ґ ETH: -0.52% ($2,191в†’$2,180)
[2026-04-09 19:50:56 WIB]   рџ’№ [2026-04-09 12:50:56]   рџ“Љ Avg: -0.58%
[2026-04-09 19:55:28 WIB] рџљЂ WaifuTrader Daemon started (PID 544187)
[2026-04-09 19:55:28 WIB]   Crypto: every 300s | Sports: every 1800s | Sync: every 900s
[2026-04-09 19:55:28 WIB] рџ’№ Crypto scan starting...
[2026-04-09 19:55:33 WIB]   рџ’№ [2026-04-09 12:55:33]   рџџў PAXG: +0.29% ($4,718в†’$4,731)
[2026-04-09 19:55:33 WIB]   рџ’№ [2026-04-09 12:55:33]   рџ”ґ XRP: -1.28% ($1в†’$1)
[2026-04-09 19:55:33 WIB]   рџ’№ [2026-04-09 12:55:33]   рџ”ґ SUI: -0.73% ($1в†’$1)
[2026-04-09 19:55:33 WIB]   рџ’№ [2026-04-09 12:55:33]   рџ”ґ ETH: -0.48% ($2,191в†’$2,181)
[2026-04-09 19:55:33 WIB]   рџ’№ [2026-04-09 12:55:33]   рџ“Љ Avg: -0.55%
[2026-04-09 19:55:57 WIB] рџ’№ Crypto scan starting...
[2026-04-09 19:56:30 WIB]   рџ’№ [2026-04-09 12:56:30]   рџџў PAXG: +0.31% ($4,718в†’$4,732)
[2026-04-09 19:56:30 WIB]   рџ’№ [2026-04-09 12:56:30]   рџ”ґ XRP: -1.27% ($1в†’$1)
[2026-04-09 19:56:30 WIB]   рџ’№ [2026-04-09 12:56:30]   рџ”ґ SUI: -0.72% ($1в†’$1)
[2026-04-09 19:56:30 WIB]   рџ’№ [2026-04-09 12:56:30]   рџ”ґ ETH: -0.46% ($2,191в†’$2,181)
[2026-04-09 19:56:30 WIB]   рџ’№ [2026-04-09 12:56:30]   рџ“Љ Avg: -0.53%
[2026-04-09 20:00:34 WIB] рџ’№ Crypto scan starting...
[2026-04-09 20:01:03 WIB]   рџ’№ [2026-04-09 13:01:02]   рџџў PAXG: +0.29% ($4,718в†’$4,731)
[2026-04-09 20:01:31 WIB] рџ’№ Crypto scan starting...
[2026-04-09 20:01:31 WIB] рџљЂ WaifuTrader Daemon started (PID 544552)
[2026-04-09 20:01:31 WIB]   Crypto: every 300s | Sports: every 1800s | Sync: every 900s
[2026-04-09 20:01:31 WIB] рџ’№ Crypto scan starting...
[2026-04-09 20:01:35 WIB]   рџ’№ [2026-04-09 13:01:35]   рџџў PAXG: +0.29% ($4,718в†’$4,731)
[2026-04-09 20:01:35 WIB]   рџ’№ [2026-04-09 13:01:35]   рџ”ґ XRP: -1.19% ($1в†’$1)
[2026-04-09 20:01:35 WIB]   рџ’№ [2026-04-09 13:01:35]   рџ”ґ SUI: -0.74% ($1в†’$1)
[2026-04-09 20:01:35 WIB]   рџ’№ [2026-04-09 13:01:35]   рџ”ґ ETH: -0.42% ($2,191в†’$2,182)
[2026-04-09 20:01:35 WIB]   рџ’№ [2026-04-09 13:01:35]   рџ“Љ Avg: -0.51%
[2026-04-09 20:01:35 WIB]   рџ’№ [2026-04-09 13:01:35]   рџџў PAXG: +0.29% ($4,718в†’$4,731)
[2026-04-09 20:01:35 WIB]   рџ’№ [2026-04-09 13:01:35]   рџ”ґ XRP: -1.19% ($1в†’$1)
[2026-04-09 20:01:35 WIB]   рџ’№ [2026-04-09 13:01:35]   рџ”ґ SUI: -0.74% ($1в†’$1)
[2026-04-09 20:01:35 WIB]   рџ’№ [2026-04-09 13:01:35]   рџ”ґ ETH: -0.42% ($2,191в†’$2,182)
[2026-04-09 20:01:35 WIB]   рџ’№ [2026-04-09 13:01:35]   рџ“Љ Avg: -0.51%
[2026-04-09 20:02:35 WIB] рџ”„ Syncing data to GitHub...
[2026-04-09 20:02:35 WIB] рџ”„ Syncing data to GitHub...
[2026-04-09 20:02:37 WIB]   вњ… Data pushed to GitHub
[2026-04-09 20:06:37 WIB] рџ’№ Crypto scan starting...
[2026-04-09 20:06:46 WIB]   рџ’№ [2026-04-09 13:06:46]   рџџў PAXG: +0.35% ($4,718в†’$4,734)
[2026-04-09 20:06:46 WIB]   рџ’№ [2026-04-09 13:06:46]   рџ”ґ XRP: -1.23% ($1в†’$1)
[2026-04-09 20:06:46 WIB]   рџ’№ [2026-04-09 13:06:46]   рџ”ґ SUI: -0.78% ($1в†’$1)
[2026-04-09 20:06:46 WIB]   рџ’№ [2026-04-09 13:06:46]   рџ”ґ ETH: -0.57% ($2,191в†’$2,179)
[2026-04-09 20:06:46 WIB]   рџ’№ [2026-04-09 13:06:46]   рџ“Љ Avg: -0.57%
[2026-04-09 20:11:47 WIB] рџ’№ Crypto scan starting...
[2026-04-09 20:12:21 WIB]   рџ’№ [2026-04-09 13:12:21]   рџџў PAXG: +0.48% ($4,718в†’$4,740)
[2026-04-09 20:12:21 WIB]   рџ’№ [2026-04-09 13:12:21]   рџ”ґ XRP: -1.22% ($1в†’$1)
[2026-04-09 20:12:21 WIB]   рџ’№ [2026-04-09 13:12:21]   рџ”ґ SUI: -0.79% ($1в†’$1)
[2026-04-09 20:12:21 WIB]   рџ’№ [2026-04-09 13:12:21]   рџ”ґ ETH: -0.59% ($2,191в†’$2,178)
[2026-04-09 20:12:21 WIB]   рџ’№ [2026-04-09 13:12:21]   рџ“Љ Avg: -0.55%
[2026-04-09 20:16:22 WIB] вљЅ Sports scan starting...
[2026-04-09 20:16:22 WIB]   вљЅ [2026-04-09 13:16:22] HOLD: bet_017 Draw @ 0Вў ($2.5)
[2026-04-09 20:16:22 WIB]   вљЅ [2026-04-09 13:16:22] === SCAN (snapshot: 2026-04-08T11:45:00Z) ===
[2026-04-09 20:16:22 WIB]   вљЅ [2026-04-09 13:16:22] Open bets: 5/5
[2026-04-09 20:16:22 WIB]   вљЅ [2026-04-09 13:16:22] ==================================================
[2026-04-09 20:16:22 WIB]   вљЅ [2026-04-09 13:16:22] RESULT: 0 placed, 5 open, 12 closed, PnL: $-1.60
[2026-04-09 20:17:22 WIB] рџ’№ Crypto scan starting...
[2026-04-09 20:17:55 WIB]   рџ’№ [2026-04-09 13:17:55]   рџџў PAXG: +0.54% ($4,718в†’$4,743)
[2026-04-09 20:17:55 WIB]   рџ’№ [2026-04-09 13:17:55]   рџ”ґ XRP: -1.29% ($1в†’$1)
[2026-04-09 20:17:55 WIB]   рџ’№ [2026-04-09 13:17:55]   рџ”ґ SUI: -0.81% ($1в†’$1)
[2026-04-09 20:17:55 WIB]   рџ’№ [2026-04-09 13:17:55]   рџ”ґ ETH: -0.63% ($2,191в†’$2,178)
[2026-04-09 20:17:55 WIB]   рџ’№ [2026-04-09 13:17:55]   рџ“Љ Avg: -0.57%
[2026-04-09 20:18:55 WIB] рџ”„ Syncing data to GitHub...
[2026-04-09 20:18:57 WIB]   вњ… Data pushed to GitHub
[2026-04-09 20:22:57 WIB] рџ’№ Crypto scan starting...
[2026-04-09 20:23:28 WIB]   рџ’№ [2026-04-09 13:23:28]   рџџў PAXG: +0.59% ($4,718в†’$4,745)
[2026-04-09 20:23:28 WIB]   рџ’№ [2026-04-09 13:23:28]   рџ”ґ XRP: -1.33% ($1в†’$1)
[2026-04-09 20:23:28 WIB]   рџ’№ [2026-04-09 13:23:28]   рџ”ґ SUI: -0.92% ($1в†’$1)
[2026-04-09 20:23:28 WIB]   рџ’№ [2026-04-09 13:23:28]   рџ”ґ ETH: -0.70% ($2,191в†’$2,176)
[2026-04-09 20:23:28 WIB]   рџ’№ [2026-04-09 13:23:28]   рџ“Љ Avg: -0.62%
[2026-04-09 20:28:29 WIB] рџ’№ Crypto scan starting...
[2026-04-09 20:29:00 WIB]   рџ’№ [2026-04-09 13:29:00]   рџџў PAXG: +0.52% ($4,718в†’$4,742)
[2026-04-09 20:29:00 WIB]   рџ’№ [2026-04-09 13:29:00]   рџ”ґ XRP: -1.21% ($1в†’$1)
[2026-04-09 20:29:00 WIB]   рџ’№ [2026-04-09 13:29:00]   рџ”ґ SUI: -0.66% ($1в†’$1)
[2026-04-09 20:29:00 WIB]   рџ’№ [2026-04-09 13:29:00]   рџ”ґ ETH: -0.58% ($2,191в†’$2,179)
[2026-04-09 20:29:00 WIB]   рџ’№ [2026-04-09 13:29:00]   рџ“Љ Avg: -0.51%
[2026-04-09 20:34:01 WIB] рџ’№ Crypto scan starting...
[2026-04-09 20:34:31 WIB]   рџ’№ [2026-04-09 13:34:31]   рџџў PAXG: +0.59% ($4,718в†’$4,745)
[2026-04-09 20:34:31 WIB]   рџ’№ [2026-04-09 13:34:31]   рџ”ґ XRP: -1.26% ($1в†’$1)
[2026-04-09 20:34:31 WIB]   рџ’№ [2026-04-09 13:34:31]   рџ”ґ SUI: -0.66% ($1в†’$1)
[2026-04-09 20:34:31 WIB]   рџ’№ [2026-04-09 13:34:31]   рџ”ґ ETH: -0.76% ($2,191в†’$2,175)
[2026-04-09 20:34:31 WIB]   рџ’№ [2026-04-09 13:34:31]   рџ“Љ Avg: -0.56%
[2026-04-09 20:34:31 WIB] рџ”„ Syncing data to GitHub...
[2026-04-09 20:34:33 WIB]   вњ… Data pushed to GitHub
[2026-04-09 20:39:33 WIB] рџ’№ Crypto scan starting...
[2026-04-09 20:40:06 WIB]   рџ’№ [2026-04-09 13:40:06]   рџџў PAXG: +0.83% ($4,718в†’$4,757)
[2026-04-09 20:40:06 WIB]   рџ’№ [2026-04-09 13:40:06]   рџ”ґ XRP: -1.34% ($1в†’$1)
[2026-04-09 20:40:06 WIB]   рџ’№ [2026-04-09 13:40:06]   рџ”ґ SUI: -0.83% ($1в†’$1)
[2026-04-09 20:40:06 WIB]   рџ’№ [2026-04-09 13:40:06]   рџ”ґ ETH: -1.04% ($2,191в†’$2,169)
[2026-04-09 20:40:06 WIB]   рџ’№ [2026-04-09 13:40:06]   рџ“Љ Avg: -0.66%
[2026-04-09 20:45:07 WIB] рџ’№ Crypto scan starting...
[2026-04-09 20:45:38 WIB]   рџ’№ [2026-04-09 13:45:37]   рџџў PAXG: +0.95% ($4,718в†’$4,762)
[2026-04-09 20:45:38 WIB]   рџ’№ [2026-04-09 13:45:37]   рџ”ґ XRP: -1.41% ($1в†’$1)
[2026-04-09 20:45:38 WIB]   рџ’№ [2026-04-09 13:45:37]   рџ”ґ SUI: -0.82% ($1в†’$1)
[2026-04-09 20:45:38 WIB]   рџ’№ [2026-04-09 13:45:37]   рџ”ґ ETH: -1.07% ($2,191в†’$2,168)
[2026-04-09 20:45:38 WIB]   рџ’№ [2026-04-09 13:45:37]   рџ“Љ Avg: -0.68%
[2026-04-09 20:46:38 WIB] вљЅ Sports scan starting...
[2026-04-09 20:46:44 WIB]   вљЅ вњ… Git push: bet Liverpool ML on PSG vs Liverpool вЂ” UCL (hermes1)
[2026-04-09 20:46:44 WIB]   вљЅ [2026-04-09 13:46:44] PLACE: Draw @ 0Вў ($2.5) вЂ” рџЋЇ BET: Draw on "Barcelona vs Atletico Madrid вЂ” UCL" @ 18Вў ($2.5)
[2026-04-09 20:46:44 WIB]   вљЅ вњ… Git push: bet Draw on Barcelona vs Atletico Madrid вЂ” UCL (hermes1)
[2026-04-09 20:46:44 WIB]   вљЅ [2026-04-09 13:46:44] ==================================================
[2026-04-09 20:46:44 WIB]   вљЅ [2026-04-09 13:46:44] RESULT: 3 placed, 5 open, 15 closed, PnL: $-7.60
[2026-04-09 20:49:44 WIB] рџ”„ Syncing data to GitHub...
[2026-04-09 20:49:44 WIB]   в„№пёЏ No data changes to sync
[2026-04-09 20:50:44 WIB] рџ’№ Crypto scan starting...
[2026-04-09 20:51:14 WIB]   рџ’№ [2026-04-09 13:51:14]   рџџў PAXG: +0.77% ($4,718в†’$4,754)
[2026-04-09 20:51:14 WIB]   рџ’№ [2026-04-09 13:51:14]   рџ”ґ XRP: -1.39% ($1в†’$1)
[2026-04-09 20:51:14 WIB]   рџ’№ [2026-04-09 13:51:14]   рџ”ґ SUI: -0.72% ($1в†’$1)
[2026-04-09 20:51:14 WIB]   рџ’№ [2026-04-09 13:51:14]   рџ”ґ ETH: -1.18% ($2,191в†’$2,165)
[2026-04-09 20:51:14 WIB]   рџ’№ [2026-04-09 13:51:14]   рџ“Љ Avg: -0.72%
[2026-04-09 20:56:14 WIB] рџ’№ Crypto scan starting...
[2026-04-09 20:56:46 WIB]   рџ’№ [2026-04-09 13:56:46]   рџџў PAXG: +0.76% ($4,718в†’$4,753)
[2026-04-09 20:56:46 WIB]   рџ’№ [2026-04-09 13:56:46]   рџ”ґ XRP: -1.56% ($1в†’$1)
[2026-04-09 20:56:46 WIB]   рџ’№ [2026-04-09 13:56:46]   рџ”ґ SUI: -0.92% ($1в†’$1)
[2026-04-09 20:56:46 WIB]   рџ’№ [2026-04-09 13:56:46]   рџ”ґ ETH: -1.41% ($2,191в†’$2,161)
[2026-04-09 20:56:46 WIB]   рџ’№ [2026-04-09 13:56:46]   рџ“Љ Avg: -0.88%
[2026-04-09 21:01:47 WIB] рџ’№ Crypto scan starting...
[2026-04-09 21:02:17 WIB]   рџ’№ [2026-04-09 14:02:16]   рџџў PAXG: +0.77% ($4,718в†’$4,754)
[2026-04-09 21:02:17 WIB]   рџ’№ [2026-04-09 14:02:16]   рџ”ґ XRP: -1.39% ($1в†’$1)
[2026-04-09 21:02:17 WIB]   рџ’№ [2026-04-09 14:02:16]   рџ”ґ SUI: -0.80% ($1в†’$1)
[2026-04-09 21:02:17 WIB]   рџ’№ [2026-04-09 14:02:16]   рџ”ґ ETH: -1.23% ($2,191в†’$2,164)
[2026-04-09 21:02:17 WIB]   рџ’№ [2026-04-09 14:02:16]   рџ“Љ Avg: -0.76%
[2026-04-09 21:05:17 WIB] рџ”„ Syncing data to GitHub...
[2026-04-09 21:05:18 WIB]   вњ… Data pushed to GitHub
[2026-04-09 21:07:18 WIB] рџ’№ Crypto scan starting...
[2026-04-09 21:07:49 WIB]   рџ’№ [2026-04-09 14:07:48]   рџџў PAXG: +0.84% ($4,718в†’$4,757)
[2026-04-09 21:07:49 WIB]   рџ’№ [2026-04-09 14:07:48]   рџ”ґ XRP: -1.48% ($1в†’$1)
[2026-04-09 21:07:49 WIB]   рџ’№ [2026-04-09 14:07:48]   рџ”ґ SUI: -0.98% ($1в†’$1)
[2026-04-09 21:07:49 WIB]   рџ’№ [2026-04-09 14:07:48]   рџ”ґ ETH: -1.14% ($2,191в†’$2,166)
[2026-04-09 21:07:49 WIB]   рџ’№ [2026-04-09 14:07:48]   рџ“Љ Avg: -0.80%
[2026-04-09 21:12:49 WIB] рџ’№ Crypto scan starting...
[2026-04-09 21:13:19 WIB]   рџ’№ [2026-04-09 14:13:19]   рџџў PAXG: +0.93% ($4,718в†’$4,762)
[2026-04-09 21:13:19 WIB]   рџ’№ [2026-04-09 14:13:19]   рџ”ґ XRP: -1.33% ($1в†’$1)
[2026-04-09 21:13:19 WIB]   рџ’№ [2026-04-09 14:13:19]   рџ”ґ SUI: -0.66% ($1в†’$1)
[2026-04-09 21:13:19 WIB]   рџ’№ [2026-04-09 14:13:19]   рџ”ґ ETH: -0.91% ($2,191в†’$2,171)
[2026-04-09 21:13:19 WIB]   рџ’№ [2026-04-09 14:13:19]   рџ“Љ Avg: -0.61%
[2026-04-09 21:17:20 WIB] вљЅ Sports scan starting...
